<?xml version="1.0" encoding="UTF-8"?>
<coverage generated="1771280046147" clover="3.2.0">
  <project timestamp="1771280046147" name="All files">
    <metrics statements="310" coveredstatements="297" conditionals="131" coveredconditionals="106" methods="53" coveredmethods="50" elements="494" coveredelements="453" complexity="0" loc="310" ncloc="310" packages="6" files="16" classes="16"/>
    <package name="packages.api.src.lib">
      <metrics statements="12" coveredstatements="11" conditionals="0" coveredconditionals="0" methods="8" coveredmethods="7"/>
      <file name="queue.ts" path="/Users/gong/Programming/Projects/cramkit/packages/api/src/lib/queue.ts">
        <metrics statements="12" coveredstatements="11" conditionals="0" coveredconditionals="0" methods="8" coveredmethods="7"/>
        <line num="6" count="1" type="stmt"/>
        <line num="7" count="1" type="stmt"/>
        <line num="8" count="1" type="stmt"/>
        <line num="11" count="1" type="stmt"/>
        <line num="12" count="1" type="stmt"/>
        <line num="16" count="0" type="stmt"/>
        <line num="20" count="10" type="stmt"/>
        <line num="21" count="10" type="stmt"/>
        <line num="25" count="1" type="stmt"/>
        <line num="26" count="5" type="stmt"/>
        <line num="28" count="1" type="stmt"/>
        <line num="32" count="1" type="stmt"/>
      </file>
    </package>
    <package name="packages.api.src.routes">
      <metrics statements="94" coveredstatements="89" conditionals="22" coveredconditionals="18" methods="14" coveredmethods="13"/>
      <file name="graph.ts" path="/Users/gong/Programming/Projects/cramkit/packages/api/src/routes/graph.ts">
        <metrics statements="65" coveredstatements="63" conditionals="12" coveredconditionals="10" methods="8" coveredmethods="8"/>
        <line num="5" count="1" type="stmt"/>
        <line num="7" count="1" type="stmt"/>
        <line num="10" count="1" type="stmt"/>
        <line num="11" count="3" type="stmt"/>
        <line num="12" count="3" type="stmt"/>
        <line num="14" count="3" type="stmt"/>
        <line num="19" count="3" type="stmt"/>
        <line num="20" count="3" type="stmt"/>
        <line num="24" count="1" type="stmt"/>
        <line num="25" count="2" type="stmt"/>
        <line num="26" count="2" type="stmt"/>
        <line num="28" count="2" type="stmt"/>
        <line num="29" count="2" type="cond" truecount="2" falsecount="0"/>
        <line num="30" count="1" type="stmt"/>
        <line num="33" count="1" type="stmt"/>
        <line num="43" count="1" type="stmt"/>
        <line num="44" count="1" type="stmt"/>
        <line num="48" count="1" type="stmt"/>
        <line num="49" count="1" type="stmt"/>
        <line num="50" count="1" type="stmt"/>
        <line num="52" count="1" type="stmt"/>
        <line num="53" count="1" type="cond" truecount="1" falsecount="1"/>
        <line num="54" count="0" type="stmt"/>
        <line num="58" count="1" type="stmt"/>
        <line num="68" count="1" type="stmt"/>
        <line num="70" count="1" type="stmt"/>
        <line num="71" count="1" type="stmt"/>
        <line num="75" count="1" type="stmt"/>
        <line num="76" count="2" type="stmt"/>
        <line num="77" count="2" type="stmt"/>
        <line num="78" count="2" type="stmt"/>
        <line num="79" count="2" type="stmt"/>
        <line num="81" count="2" type="cond" truecount="4" falsecount="0"/>
        <line num="82" count="1" type="stmt"/>
        <line num="85" count="1" type="stmt"/>
        <line num="92" count="1" type="cond" truecount="1" falsecount="1"/>
        <line num="93" count="0" type="stmt"/>
        <line num="96" count="1" type="stmt"/>
        <line num="98" count="1" type="stmt"/>
        <line num="99" count="1" type="stmt"/>
        <line num="103" count="1" type="stmt"/>
        <line num="104" count="2" type="stmt"/>
        <line num="105" count="2" type="stmt"/>
        <line num="106" count="2" type="stmt"/>
        <line num="108" count="2" type="cond" truecount="2" falsecount="0"/>
        <line num="109" count="1" type="stmt"/>
        <line num="110" count="1" type="stmt"/>
        <line num="113" count="1" type="stmt"/>
        <line num="114" count="1" type="stmt"/>
        <line num="115" count="1" type="stmt"/>
        <line num="119" count="1" type="stmt"/>
        <line num="120" count="1" type="stmt"/>
        <line num="121" count="1" type="stmt"/>
        <line num="123" count="1" type="stmt"/>
        <line num="128" count="11" type="stmt"/>
        <line num="129" count="1" type="stmt"/>
        <line num="131" count="1" type="stmt"/>
        <line num="132" count="1" type="stmt"/>
        <line num="136" count="1" type="stmt"/>
        <line num="137" count="2" type="stmt"/>
        <line num="138" count="2" type="stmt"/>
        <line num="140" count="2" type="stmt"/>
        <line num="145" count="2" type="stmt"/>
        <line num="147" count="2" type="stmt"/>
        <line num="148" count="2" type="stmt"/>
      </file>
      <file name="search.ts" path="/Users/gong/Programming/Projects/cramkit/packages/api/src/routes/search.ts">
        <metrics statements="29" coveredstatements="26" conditionals="10" coveredconditionals="8" methods="6" coveredmethods="5"/>
        <line num="6" count="1" type="stmt"/>
        <line num="8" count="1" type="stmt"/>
        <line num="22" count="1" type="stmt"/>
        <line num="23" count="6" type="stmt"/>
        <line num="24" count="6" type="stmt"/>
        <line num="25" count="6" type="cond" truecount="1" falsecount="1"/>
        <line num="26" count="6" type="cond" truecount="2" falsecount="0"/>
        <line num="28" count="6" type="stmt"/>
        <line num="29" count="6" type="cond" truecount="1" falsecount="1"/>
        <line num="30" count="0" type="stmt"/>
        <line num="31" count="0" type="stmt"/>
        <line num="35" count="6" type="stmt"/>
        <line num="54" count="8" type="stmt"/>
        <line num="65" count="8" type="stmt"/>
        <line num="67" count="6" type="stmt"/>
        <line num="68" count="8" type="stmt"/>
        <line num="69" count="8" type="cond" truecount="2" falsecount="0"/>
        <line num="70" count="2" type="stmt"/>
        <line num="71" count="2" type="stmt"/>
        <line num="75" count="6" type="stmt"/>
        <line num="76" count="5" type="cond" truecount="2" falsecount="0"/>
        <line num="77" count="3" type="stmt"/>
        <line num="78" count="3" type="stmt"/>
        <line num="83" count="6" type="stmt"/>
        <line num="85" count="6" type="stmt"/>
        <line num="88" count="6" type="stmt"/>
        <line num="91" count="8" type="stmt"/>
        <line num="92" count="0" type="stmt"/>
        <line num="94" count="6" type="stmt"/>
      </file>
    </package>
    <package name="packages.api.src.services">
      <metrics statements="140" coveredstatements="134" conditionals="107" coveredconditionals="86" methods="16" coveredmethods="16"/>
      <file name="amortiser.ts" path="/Users/gong/Programming/Projects/cramkit/packages/api/src/services/amortiser.ts">
        <metrics statements="19" coveredstatements="18" conditionals="12" coveredconditionals="12" methods="1" coveredmethods="1"/>
        <line num="3" count="3" type="stmt"/>
        <line num="5" count="3" type="stmt"/>
        <line num="17" count="15" type="stmt"/>
        <line num="18" count="15" type="stmt"/>
        <line num="21" count="15" type="stmt"/>
        <line num="33" count="15" type="cond" truecount="4" falsecount="0"/>
        <line num="34" count="4" type="stmt"/>
        <line num="37" count="11" type="stmt"/>
        <line num="39" count="11" type="stmt"/>
        <line num="40" count="26" type="cond" truecount="2" falsecount="0"/>
        <line num="42" count="25" type="stmt"/>
        <line num="43" count="32" type="cond" truecount="2" falsecount="0"/>
        <line num="46" count="31" type="stmt"/>
        <line num="56" count="31" type="cond" truecount="2" falsecount="0"/>
        <line num="58" count="21" type="stmt"/>
        <line num="72" count="21" type="stmt"/>
        <line num="76" count="11" type="cond" truecount="2" falsecount="0"/>
        <line num="77" count="8" type="stmt"/>
        <line num="80" count="0" type="stmt"/>
      </file>
      <file name="graph-indexer.ts" path="/Users/gong/Programming/Projects/cramkit/packages/api/src/services/graph-indexer.ts">
        <metrics statements="51" coveredstatements="51" conditionals="40" coveredconditionals="33" methods="9" coveredmethods="9"/>
        <line num="4" count="3" type="stmt"/>
        <line num="40" count="951" type="stmt"/>
        <line num="42" count="2209" type="stmt"/>
        <line num="52" count="54" type="cond" truecount="2" falsecount="0"/>
        <line num="53" count="285" type="cond" truecount="1" falsecount="1"/>
        <line num="56" count="54" type="stmt"/>
        <line num="93" count="56" type="stmt"/>
        <line num="95" count="56" type="stmt"/>
        <line num="102" count="56" type="cond" truecount="2" falsecount="0"/>
        <line num="103" count="1" type="stmt"/>
        <line num="104" count="1" type="stmt"/>
        <line num="107" count="55" type="cond" truecount="2" falsecount="0"/>
        <line num="108" count="1" type="stmt"/>
        <line num="109" count="1" type="stmt"/>
        <line num="112" count="54" type="stmt"/>
        <line num="114" count="54" type="stmt"/>
        <line num="119" count="54" type="stmt"/>
        <line num="120" count="54" type="stmt"/>
        <line num="127" count="54" type="stmt"/>
        <line num="128" count="54" type="stmt"/>
        <line num="130" count="54" type="cond" truecount="2" falsecount="0"/>
        <line num="131" count="56" type="stmt"/>
        <line num="133" count="1" type="stmt"/>
        <line num="134" count="1" type="stmt"/>
        <line num="138" count="53" type="stmt"/>
        <line num="139" count="53" type="stmt"/>
        <line num="140" count="53" type="stmt"/>
        <line num="152" count="53" type="stmt"/>
        <line num="153" count="251" type="stmt"/>
        <line num="154" count="251" type="stmt"/>
        <line num="173" count="53" type="stmt"/>
        <line num="177" count="417" type="stmt"/>
        <line num="180" count="53" type="stmt"/>
        <line num="181" count="251" type="stmt"/>
        <line num="182" count="251" type="stmt"/>
        <line num="183" count="251" type="cond" truecount="2" falsecount="0"/>
        <line num="185" count="250" type="stmt"/>
        <line num="202" count="53" type="stmt"/>
        <line num="203" count="94" type="stmt"/>
        <line num="204" count="94" type="stmt"/>
        <line num="205" count="94" type="cond" truecount="4" falsecount="0"/>
        <line num="207" count="93" type="stmt"/>
        <line num="224" count="53" type="stmt"/>
        <line num="225" count="75" type="stmt"/>
        <line num="226" count="75" type="stmt"/>
        <line num="227" count="75" type="cond" truecount="2" falsecount="0"/>
        <line num="230" count="74" type="stmt"/>
        <line num="231" count="74" type="cond" truecount="2" falsecount="0"/>
        <line num="234" count="74" type="stmt"/>
        <line num="251" count="53" type="stmt"/>
        <line num="256" count="53" type="stmt"/>
      </file>
      <file name="graph-search.ts" path="/Users/gong/Programming/Projects/cramkit/packages/api/src/services/graph-search.ts">
        <metrics statements="51" coveredstatements="46" conditionals="39" coveredconditionals="28" methods="5" coveredmethods="5"/>
        <line num="3" count="3" type="stmt"/>
        <line num="21" count="17" type="stmt"/>
        <line num="22" count="17" type="stmt"/>
        <line num="25" count="17" type="stmt"/>
        <line num="36" count="17" type="cond" truecount="2" falsecount="0"/>
        <line num="37" count="2" type="stmt"/>
        <line num="38" count="2" type="stmt"/>
        <line num="41" count="15" type="stmt"/>
        <line num="42" count="15" type="stmt"/>
        <line num="43" count="15" type="stmt"/>
        <line num="46" count="15" type="stmt"/>
        <line num="57" count="15" type="stmt"/>
        <line num="58" count="15" type="stmt"/>
        <line num="59" count="15" type="stmt"/>
        <line num="61" count="15" type="stmt"/>
        <line num="62" count="78" type="stmt"/>
        <line num="63" count="78" type="stmt"/>
        <line num="64" count="78" type="stmt"/>
        <line num="66" count="78" type="cond" truecount="2" falsecount="2"/>
        <line num="67" count="0" type="stmt"/>
        <line num="68" count="0" type="stmt"/>
        <line num="69" count="0" type="stmt"/>
        <line num="70" count="78" type="cond" truecount="3" falsecount="1"/>
        <line num="71" count="78" type="stmt"/>
        <line num="72" count="78" type="stmt"/>
        <line num="73" count="78" type="stmt"/>
        <line num="76" count="78" type="cond" truecount="4" falsecount="1"/>
        <line num="78" count="78" type="cond" truecount="2" falsecount="0"/>
        <line num="79" count="49" type="stmt"/>
        <line num="80" count="49" type="cond" truecount="2" falsecount="0"/>
        <line num="81" count="49" type="stmt"/>
        <line num="85" count="49" type="stmt"/>
        <line num="86" count="29" type="cond" truecount="1" falsecount="1"/>
        <line num="87" count="29" type="stmt"/>
        <line num="92" count="15" type="cond" truecount="2" falsecount="0"/>
        <line num="93" count="5" type="stmt"/>
        <line num="97" count="5" type="stmt"/>
        <line num="98" count="33" type="stmt"/>
        <line num="100" count="33" type="stmt"/>
        <line num="102" count="495" type="cond" truecount="3" falsecount="1"/>
        <line num="105" count="33" type="stmt"/>
        <line num="106" count="37" type="cond" truecount="1" falsecount="1"/>
        <line num="107" count="37" type="cond" truecount="2" falsecount="0"/>
        <line num="108" count="37" type="stmt"/>
        <line num="112" count="37" type="stmt"/>
        <line num="117" count="15" type="cond" truecount="1" falsecount="1"/>
        <line num="118" count="0" type="stmt"/>
        <line num="119" count="0" type="stmt"/>
        <line num="123" count="15" type="stmt"/>
        <line num="131" count="15" type="stmt"/>
        <line num="133" count="48" type="stmt"/>
      </file>
      <file name="llm-client.ts" path="/Users/gong/Programming/Projects/cramkit/packages/api/src/services/llm-client.ts">
        <metrics statements="19" coveredstatements="19" conditionals="16" coveredconditionals="13" methods="1" coveredmethods="1"/>
        <line num="3" count="6" type="stmt"/>
        <line num="5" count="6" type="cond" truecount="1" falsecount="1"/>
        <line num="6" count="6" type="cond" truecount="1" falsecount="1"/>
        <line num="7" count="6" type="cond" truecount="1" falsecount="1"/>
        <line num="13" count="6" type="cond" truecount="2" falsecount="0"/>
        <line num="14" count="6" type="cond" truecount="2" falsecount="0"/>
        <line num="15" count="6" type="cond" truecount="2" falsecount="0"/>
        <line num="17" count="6" type="stmt"/>
        <line num="19" count="6" type="stmt"/>
        <line num="33" count="6" type="cond" truecount="2" falsecount="0"/>
        <line num="34" count="1" type="stmt"/>
        <line num="35" count="1" type="stmt"/>
        <line num="36" count="1" type="stmt"/>
        <line num="39" count="5" type="stmt"/>
        <line num="43" count="5" type="stmt"/>
        <line num="44" count="6" type="cond" truecount="2" falsecount="0"/>
        <line num="45" count="1" type="stmt"/>
        <line num="48" count="4" type="stmt"/>
        <line num="49" count="4" type="stmt"/>
      </file>
    </package>
    <package name="packages.mcp.src.tools">
      <metrics statements="13" coveredstatements="13" conditionals="0" coveredconditionals="0" methods="3" coveredmethods="3"/>
      <file name="graph.ts" path="/Users/gong/Programming/Projects/cramkit/packages/mcp/src/tools/graph.ts">
        <metrics statements="13" coveredstatements="13" conditionals="0" coveredconditionals="0" methods="3" coveredmethods="3"/>
        <line num="5" count="1" type="stmt"/>
        <line num="7" count="1" type="stmt"/>
        <line num="33" count="1" type="stmt"/>
        <line num="34" count="1" type="stmt"/>
        <line num="45" count="1" type="stmt"/>
        <line num="58" count="1" type="stmt"/>
        <line num="59" count="1" type="stmt"/>
        <line num="60" count="1" type="stmt"/>
        <line num="61" count="1" type="stmt"/>
        <line num="71" count="1" type="stmt"/>
        <line num="72" count="1" type="stmt"/>
        <line num="73" count="1" type="stmt"/>
        <line num="74" count="1" type="stmt"/>
      </file>
    </package>
    <package name="packages.shared.src">
      <metrics statements="31" coveredstatements="31" conditionals="2" coveredconditionals="2" methods="9" coveredmethods="9"/>
      <file name="constants.ts" path="/Users/gong/Programming/Projects/cramkit/packages/shared/src/constants.ts">
        <metrics statements="2" coveredstatements="2" conditionals="0" coveredconditionals="0" methods="0" coveredmethods="0"/>
        <line num="3" count="15" type="stmt"/>
        <line num="13" count="15" type="stmt"/>
      </file>
      <file name="db.ts" path="/Users/gong/Programming/Projects/cramkit/packages/shared/src/db.ts">
        <metrics statements="6" coveredstatements="6" conditionals="2" coveredconditionals="2" methods="1" coveredmethods="1"/>
        <line num="4" count="15" type="stmt"/>
        <line num="6" count="15" type="stmt"/>
        <line num="9" count="111" type="cond" truecount="2" falsecount="0"/>
        <line num="10" count="6" type="stmt"/>
        <line num="11" count="6" type="stmt"/>
        <line num="13" count="111" type="stmt"/>
      </file>
      <file name="index.ts" path="/Users/gong/Programming/Projects/cramkit/packages/shared/src/index.ts">
        <metrics statements="3" coveredstatements="3" conditionals="0" coveredconditionals="0" methods="0" coveredmethods="0"/>
        <line num="2" count="15" type="stmt"/>
        <line num="3" count="15" type="stmt"/>
        <line num="4" count="15" type="stmt"/>
      </file>
      <file name="logger.ts" path="/Users/gong/Programming/Projects/cramkit/packages/shared/src/logger.ts">
        <metrics statements="10" coveredstatements="10" conditionals="0" coveredconditionals="0" methods="8" coveredmethods="8"/>
        <line num="11" count="201" type="stmt"/>
        <line num="12" count="1005" type="stmt"/>
        <line num="13" count="201" type="stmt"/>
        <line num="17" count="34" type="stmt"/>
        <line num="18" count="201" type="stmt"/>
        <line num="20" count="34" type="stmt"/>
        <line num="21" count="6" type="stmt"/>
        <line num="22" count="190" type="stmt"/>
        <line num="23" count="2" type="stmt"/>
        <line num="24" count="3" type="stmt"/>
      </file>
      <file name="schemas.ts" path="/Users/gong/Programming/Projects/cramkit/packages/shared/src/schemas.ts">
        <metrics statements="9" coveredstatements="9" conditionals="0" coveredconditionals="0" methods="0" coveredmethods="0"/>
        <line num="3" count="15" type="stmt"/>
        <line num="13" count="15" type="stmt"/>
        <line num="21" count="15" type="stmt"/>
        <line num="29" count="15" type="stmt"/>
        <line num="34" count="15" type="stmt"/>
        <line num="39" count="15" type="stmt"/>
        <line num="50" count="15" type="stmt"/>
        <line num="56" count="15" type="stmt"/>
        <line num="63" count="15" type="stmt"/>
      </file>
      <file name="types.ts" path="/Users/gong/Programming/Projects/cramkit/packages/shared/src/types.ts">
        <metrics statements="1" coveredstatements="1" conditionals="0" coveredconditionals="0" methods="0" coveredmethods="0"/>
        <line num="1" count="15" type="stmt"/>
      </file>
    </package>
    <package name="tests.fixtures">
      <metrics statements="20" coveredstatements="19" conditionals="0" coveredconditionals="0" methods="3" coveredmethods="2"/>
      <file name="helpers.ts" path="/Users/gong/Programming/Projects/cramkit/tests/fixtures/helpers.ts">
        <metrics statements="16" coveredstatements="15" conditionals="0" coveredconditionals="0" methods="3" coveredmethods="2"/>
        <line num="7" count="0" type="stmt"/>
        <line num="12" count="23" type="stmt"/>
        <line num="19" count="23" type="stmt"/>
        <line num="33" count="23" type="stmt"/>
        <line num="34" count="23" type="stmt"/>
        <line num="36" count="23" type="stmt"/>
        <line num="37" count="253" type="stmt"/>
        <line num="47" count="253" type="stmt"/>
        <line num="49" count="253" type="stmt"/>
        <line num="57" count="253" type="stmt"/>
        <line num="60" count="23" type="stmt"/>
        <line num="65" count="49" type="stmt"/>
        <line num="66" count="49" type="stmt"/>
        <line num="67" count="49" type="stmt"/>
        <line num="68" count="49" type="stmt"/>
        <line num="69" count="49" type="stmt"/>
      </file>
      <file name="llm-responses.ts" path="/Users/gong/Programming/Projects/cramkit/tests/fixtures/llm-responses.ts">
        <metrics statements="4" coveredstatements="4" conditionals="0" coveredconditionals="0" methods="0" coveredmethods="0"/>
        <line num="7" count="3" type="stmt"/>
        <line num="38" count="3" type="stmt"/>
        <line num="58" count="3" type="stmt"/>
        <line num="79" count="3" type="stmt"/>
      </file>
    </package>
  </project>
</coverage>
