{"/Users/gong/Programming/Projects/cramkit/packages/api/src/lib/queue.ts": {"path":"/Users/gong/Programming/Projects/cramkit/packages/api/src/lib/queue.ts","statementMap":{"0":{"start":{"line":6,"column":6},"end":{"line":6,"column":null}},"1":{"start":{"line":7,"column":14},"end":{"line":7,"column":null}},"2":{"start":{"line":8,"column":22},"end":{"line":8,"column":null}},"3":{"start":{"line":11,"column":1},"end":{"line":11,"column":null}},"4":{"start":{"line":11,"column":11},"end":{"line":11,"column":36}},"5":{"start":{"line":12,"column":1},"end":{"line":12,"column":null}},"6":{"start":{"line":16,"column":1},"end":{"line":16,"column":null}},"7":{"start":{"line":20,"column":1},"end":{"line":20,"column":null}},"8":{"start":{"line":20,"column":19},"end":{"line":20,"column":47}},"9":{"start":{"line":21,"column":1},"end":{"line":21,"column":null}},"10":{"start":{"line":25,"column":1},"end":{"line":27,"column":null}},"11":{"start":{"line":26,"column":2},"end":{"line":26,"column":null}},"12":{"start":{"line":26,"column":20},"end":{"line":26,"column":48}},"13":{"start":{"line":28,"column":1},"end":{"line":28,"column":null}},"14":{"start":{"line":32,"column":1},"end":{"line":32,"column":null}}},"fnMap":{"0":{"name":"enqueueProcessing","decl":{"start":{"line":10,"column":16},"end":{"line":10,"column":34}},"loc":{"start":{"line":10,"column":56},"end":{"line":13,"column":null}},"line":10},"1":{"name":"(anonymous_1)","decl":{"start":{"line":11,"column":11},"end":{"line":11,"column":17}},"loc":{"start":{"line":11,"column":11},"end":{"line":11,"column":36}},"line":11},"2":{"name":"getQueueSize","decl":{"start":{"line":15,"column":16},"end":{"line":15,"column":39}},"loc":{"start":{"line":15,"column":39},"end":{"line":17,"column":null}},"line":15},"3":{"name":"enqueueGraphIndexing","decl":{"start":{"line":19,"column":16},"end":{"line":19,"column":37}},"loc":{"start":{"line":19,"column":59},"end":{"line":22,"column":null}},"line":19},"4":{"name":"(anonymous_4)","decl":{"start":{"line":20,"column":19},"end":{"line":20,"column":25}},"loc":{"start":{"line":20,"column":19},"end":{"line":20,"column":47}},"line":20},"5":{"name":"enqueueSessionGraphIndexing","decl":{"start":{"line":24,"column":16},"end":{"line":24,"column":44}},"loc":{"start":{"line":24,"column":88},"end":{"line":29,"column":null}},"line":24},"6":{"name":"(anonymous_6)","decl":{"start":{"line":26,"column":20},"end":{"line":26,"column":26}},"loc":{"start":{"line":26,"column":20},"end":{"line":26,"column":48}},"line":26},"7":{"name":"getIndexingQueueSize","decl":{"start":{"line":31,"column":16},"end":{"line":31,"column":47}},"loc":{"start":{"line":31,"column":47},"end":{"line":33,"column":null}},"line":31}},"branchMap":{},"s":{"0":1,"1":1,"2":1,"3":1,"4":1,"5":1,"6":0,"7":10,"8":10,"9":10,"10":1,"11":5,"12":5,"13":1,"14":1},"f":{"0":1,"1":1,"2":0,"3":10,"4":10,"5":1,"6":5,"7":1},"b":{},"meta":{"lastBranch":0,"lastFunction":8,"lastStatement":15,"seen":{"s:6:6:6:Infinity":0,"s:7:14:7:Infinity":1,"s:8:22:8:Infinity":2,"f:10:16:10:34":0,"s:11:1:11:Infinity":3,"f:11:11:11:17":1,"s:11:11:11:36":4,"s:12:1:12:Infinity":5,"f:15:16:15:39":2,"s:16:1:16:Infinity":6,"f:19:16:19:37":3,"s:20:1:20:Infinity":7,"f:20:19:20:25":4,"s:20:19:20:47":8,"s:21:1:21:Infinity":9,"f:24:16:24:44":5,"s:25:1:27:Infinity":10,"s:26:2:26:Infinity":11,"f:26:20:26:26":6,"s:26:20:26:48":12,"s:28:1:28:Infinity":13,"f:31:16:31:47":7,"s:32:1:32:Infinity":14}}}
,"/Users/gong/Programming/Projects/cramkit/packages/api/src/routes/graph.ts": {"path":"/Users/gong/Programming/Projects/cramkit/packages/api/src/routes/graph.ts","statementMap":{"0":{"start":{"line":5,"column":6},"end":{"line":5,"column":null}},"1":{"start":{"line":7,"column":27},"end":{"line":7,"column":null}},"2":{"start":{"line":10,"column":0},"end":{"line":21,"column":null}},"3":{"start":{"line":11,"column":7},"end":{"line":11,"column":null}},"4":{"start":{"line":12,"column":19},"end":{"line":12,"column":null}},"5":{"start":{"line":14,"column":18},"end":{"line":17,"column":null}},"6":{"start":{"line":19,"column":1},"end":{"line":19,"column":null}},"7":{"start":{"line":20,"column":1},"end":{"line":20,"column":null}},"8":{"start":{"line":24,"column":0},"end":{"line":45,"column":null}},"9":{"start":{"line":25,"column":7},"end":{"line":25,"column":null}},"10":{"start":{"line":26,"column":12},"end":{"line":26,"column":null}},"11":{"start":{"line":28,"column":17},"end":{"line":28,"column":null}},"12":{"start":{"line":29,"column":1},"end":{"line":31,"column":null}},"13":{"start":{"line":30,"column":2},"end":{"line":30,"column":null}},"14":{"start":{"line":33,"column":23},"end":{"line":41,"column":null}},"15":{"start":{"line":43,"column":1},"end":{"line":43,"column":null}},"16":{"start":{"line":44,"column":1},"end":{"line":44,"column":null}},"17":{"start":{"line":48,"column":0},"end":{"line":72,"column":null}},"18":{"start":{"line":49,"column":7},"end":{"line":49,"column":null}},"19":{"start":{"line":50,"column":12},"end":{"line":50,"column":null}},"20":{"start":{"line":52,"column":17},"end":{"line":52,"column":null}},"21":{"start":{"line":53,"column":1},"end":{"line":55,"column":null}},"22":{"start":{"line":54,"column":2},"end":{"line":54,"column":null}},"23":{"start":{"line":58,"column":1},"end":{"line":66,"column":null}},"24":{"start":{"line":68,"column":1},"end":{"line":68,"column":null}},"25":{"start":{"line":70,"column":1},"end":{"line":70,"column":null}},"26":{"start":{"line":71,"column":1},"end":{"line":71,"column":null}},"27":{"start":{"line":75,"column":0},"end":{"line":100,"column":null}},"28":{"start":{"line":76,"column":7},"end":{"line":76,"column":null}},"29":{"start":{"line":77,"column":14},"end":{"line":77,"column":null}},"30":{"start":{"line":78,"column":12},"end":{"line":78,"column":null}},"31":{"start":{"line":79,"column":22},"end":{"line":79,"column":null}},"32":{"start":{"line":81,"column":1},"end":{"line":83,"column":null}},"33":{"start":{"line":82,"column":2},"end":{"line":82,"column":null}},"34":{"start":{"line":85,"column":40},"end":{"line":90,"column":null}},"35":{"start":{"line":92,"column":1},"end":{"line":94,"column":null}},"36":{"start":{"line":93,"column":2},"end":{"line":93,"column":null}},"37":{"start":{"line":96,"column":23},"end":{"line":96,"column":null}},"38":{"start":{"line":98,"column":1},"end":{"line":98,"column":null}},"39":{"start":{"line":99,"column":1},"end":{"line":99,"column":null}},"40":{"start":{"line":103,"column":0},"end":{"line":116,"column":null}},"41":{"start":{"line":104,"column":19},"end":{"line":104,"column":null}},"42":{"start":{"line":105,"column":14},"end":{"line":105,"column":null}},"43":{"start":{"line":106,"column":16},"end":{"line":106,"column":null}},"44":{"start":{"line":108,"column":1},"end":{"line":111,"column":null}},"45":{"start":{"line":109,"column":2},"end":{"line":109,"column":null}},"46":{"start":{"line":110,"column":2},"end":{"line":110,"column":null}},"47":{"start":{"line":113,"column":1},"end":{"line":113,"column":null}},"48":{"start":{"line":114,"column":1},"end":{"line":114,"column":null}},"49":{"start":{"line":115,"column":1},"end":{"line":115,"column":null}},"50":{"start":{"line":119,"column":0},"end":{"line":133,"column":null}},"51":{"start":{"line":120,"column":7},"end":{"line":120,"column":null}},"52":{"start":{"line":121,"column":19},"end":{"line":121,"column":null}},"53":{"start":{"line":123,"column":15},"end":{"line":126,"column":null}},"54":{"start":{"line":128,"column":17},"end":{"line":128,"column":null}},"55":{"start":{"line":128,"column":34},"end":{"line":128,"column":38}},"56":{"start":{"line":129,"column":1},"end":{"line":129,"column":null}},"57":{"start":{"line":131,"column":1},"end":{"line":131,"column":null}},"58":{"start":{"line":132,"column":1},"end":{"line":132,"column":null}},"59":{"start":{"line":136,"column":0},"end":{"line":149,"column":null}},"60":{"start":{"line":137,"column":7},"end":{"line":137,"column":null}},"61":{"start":{"line":138,"column":19},"end":{"line":138,"column":null}},"62":{"start":{"line":140,"column":26},"end":{"line":143,"column":null}},"63":{"start":{"line":145,"column":7},"end":{"line":145,"column":null}},"64":{"start":{"line":147,"column":1},"end":{"line":147,"column":null}},"65":{"start":{"line":148,"column":1},"end":{"line":148,"column":null}}},"fnMap":{"0":{"name":"(anonymous_0)","decl":{"start":{"line":10,"column":49},"end":{"line":10,"column":56}},"loc":{"start":{"line":10,"column":62},"end":{"line":21,"column":1}},"line":10},"1":{"name":"(anonymous_1)","decl":{"start":{"line":24,"column":33},"end":{"line":24,"column":40}},"loc":{"start":{"line":24,"column":46},"end":{"line":45,"column":1}},"line":24},"2":{"name":"(anonymous_2)","decl":{"start":{"line":48,"column":36},"end":{"line":48,"column":43}},"loc":{"start":{"line":48,"column":49},"end":{"line":72,"column":1}},"line":48},"3":{"name":"(anonymous_3)","decl":{"start":{"line":75,"column":28},"end":{"line":75,"column":35}},"loc":{"start":{"line":75,"column":41},"end":{"line":100,"column":1}},"line":75},"4":{"name":"(anonymous_4)","decl":{"start":{"line":103,"column":52},"end":{"line":103,"column":59}},"loc":{"start":{"line":103,"column":65},"end":{"line":116,"column":1}},"line":103},"5":{"name":"(anonymous_5)","decl":{"start":{"line":119,"column":51},"end":{"line":119,"column":58}},"loc":{"start":{"line":119,"column":64},"end":{"line":133,"column":1}},"line":119},"6":{"name":"(anonymous_6)","decl":{"start":{"line":128,"column":27},"end":{"line":128,"column":28}},"loc":{"start":{"line":128,"column":34},"end":{"line":128,"column":38}},"line":128},"7":{"name":"(anonymous_7)","decl":{"start":{"line":136,"column":53},"end":{"line":136,"column":60}},"loc":{"start":{"line":136,"column":66},"end":{"line":149,"column":1}},"line":136}},"branchMap":{"0":{"loc":{"start":{"line":29,"column":1},"end":{"line":31,"column":null}},"type":"if","locations":[{"start":{"line":29,"column":1},"end":{"line":31,"column":null}},{"start":{},"end":{}}],"line":29},"1":{"loc":{"start":{"line":53,"column":1},"end":{"line":55,"column":null}},"type":"if","locations":[{"start":{"line":53,"column":1},"end":{"line":55,"column":null}},{"start":{},"end":{}}],"line":53},"2":{"loc":{"start":{"line":81,"column":1},"end":{"line":83,"column":null}},"type":"if","locations":[{"start":{"line":81,"column":1},"end":{"line":83,"column":null}},{"start":{},"end":{}}],"line":81},"3":{"loc":{"start":{"line":81,"column":5},"end":{"line":81,"column":19}},"type":"binary-expr","locations":[{"start":{"line":81,"column":5},"end":{"line":81,"column":14}},{"start":{"line":81,"column":14},"end":{"line":81,"column":19}}],"line":81},"4":{"loc":{"start":{"line":92,"column":1},"end":{"line":94,"column":null}},"type":"if","locations":[{"start":{"line":92,"column":1},"end":{"line":94,"column":null}},{"start":{},"end":{}}],"line":92},"5":{"loc":{"start":{"line":108,"column":1},"end":{"line":111,"column":null}},"type":"if","locations":[{"start":{"line":108,"column":1},"end":{"line":111,"column":null}},{"start":{},"end":{}}],"line":108}},"s":{"0":1,"1":1,"2":1,"3":3,"4":3,"5":3,"6":3,"7":3,"8":1,"9":2,"10":2,"11":2,"12":2,"13":1,"14":1,"15":1,"16":1,"17":1,"18":1,"19":1,"20":1,"21":1,"22":0,"23":1,"24":1,"25":1,"26":1,"27":1,"28":2,"29":2,"30":2,"31":2,"32":2,"33":1,"34":1,"35":1,"36":0,"37":1,"38":1,"39":1,"40":1,"41":2,"42":2,"43":2,"44":2,"45":1,"46":1,"47":1,"48":1,"49":1,"50":1,"51":1,"52":1,"53":1,"54":1,"55":11,"56":1,"57":1,"58":1,"59":1,"60":2,"61":2,"62":2,"63":2,"64":2,"65":2},"f":{"0":3,"1":2,"2":1,"3":2,"4":2,"5":1,"6":11,"7":2},"b":{"0":[1,1],"1":[0,1],"2":[1,1],"3":[2,1],"4":[0,1],"5":[1,1]},"meta":{"lastBranch":6,"lastFunction":8,"lastStatement":66,"seen":{"s:5:6:5:Infinity":0,"s:7:27:7:Infinity":1,"s:10:0:21:Infinity":2,"f:10:49:10:56":0,"s:11:7:11:Infinity":3,"s:12:19:12:Infinity":4,"s:14:18:17:Infinity":5,"s:19:1:19:Infinity":6,"s:20:1:20:Infinity":7,"s:24:0:45:Infinity":8,"f:24:33:24:40":1,"s:25:7:25:Infinity":9,"s:26:12:26:Infinity":10,"s:28:17:28:Infinity":11,"b:29:1:31:Infinity:undefined:undefined:undefined:undefined":0,"s:29:1:31:Infinity":12,"s:30:2:30:Infinity":13,"s:33:23:41:Infinity":14,"s:43:1:43:Infinity":15,"s:44:1:44:Infinity":16,"s:48:0:72:Infinity":17,"f:48:36:48:43":2,"s:49:7:49:Infinity":18,"s:50:12:50:Infinity":19,"s:52:17:52:Infinity":20,"b:53:1:55:Infinity:undefined:undefined:undefined:undefined":1,"s:53:1:55:Infinity":21,"s:54:2:54:Infinity":22,"s:58:1:66:Infinity":23,"s:68:1:68:Infinity":24,"s:70:1:70:Infinity":25,"s:71:1:71:Infinity":26,"s:75:0:100:Infinity":27,"f:75:28:75:35":3,"s:76:7:76:Infinity":28,"s:77:14:77:Infinity":29,"s:78:12:78:Infinity":30,"s:79:22:79:Infinity":31,"b:81:1:83:Infinity:undefined:undefined:undefined:undefined":2,"s:81:1:83:Infinity":32,"b:81:5:81:14:81:14:81:19":3,"s:82:2:82:Infinity":33,"s:85:40:90:Infinity":34,"b:92:1:94:Infinity:undefined:undefined:undefined:undefined":4,"s:92:1:94:Infinity":35,"s:93:2:93:Infinity":36,"s:96:23:96:Infinity":37,"s:98:1:98:Infinity":38,"s:99:1:99:Infinity":39,"s:103:0:116:Infinity":40,"f:103:52:103:59":4,"s:104:19:104:Infinity":41,"s:105:14:105:Infinity":42,"s:106:16:106:Infinity":43,"b:108:1:111:Infinity:undefined:undefined:undefined:undefined":5,"s:108:1:111:Infinity":44,"s:109:2:109:Infinity":45,"s:110:2:110:Infinity":46,"s:113:1:113:Infinity":47,"s:114:1:114:Infinity":48,"s:115:1:115:Infinity":49,"s:119:0:133:Infinity":50,"f:119:51:119:58":5,"s:120:7:120:Infinity":51,"s:121:19:121:Infinity":52,"s:123:15:126:Infinity":53,"s:128:17:128:Infinity":54,"f:128:27:128:28":6,"s:128:34:128:38":55,"s:129:1:129:Infinity":56,"s:131:1:131:Infinity":57,"s:132:1:132:Infinity":58,"s:136:0:149:Infinity":59,"f:136:53:136:60":7,"s:137:7:137:Infinity":60,"s:138:19:138:Infinity":61,"s:140:26:143:Infinity":62,"s:145:7:145:Infinity":63,"s:147:1:147:Infinity":64,"s:148:1:148:Infinity":65}}}
,"/Users/gong/Programming/Projects/cramkit/packages/api/src/routes/search.ts": {"path":"/Users/gong/Programming/Projects/cramkit/packages/api/src/routes/search.ts","statementMap":{"0":{"start":{"line":6,"column":6},"end":{"line":6,"column":null}},"1":{"start":{"line":8,"column":28},"end":{"line":8,"column":null}},"2":{"start":{"line":22,"column":0},"end":{"line":95,"column":null}},"3":{"start":{"line":23,"column":7},"end":{"line":23,"column":null}},"4":{"start":{"line":24,"column":19},"end":{"line":24,"column":null}},"5":{"start":{"line":25,"column":15},"end":{"line":25,"column":null}},"6":{"start":{"line":26,"column":15},"end":{"line":26,"column":null}},"7":{"start":{"line":28,"column":16},"end":{"line":28,"column":null}},"8":{"start":{"line":29,"column":1},"end":{"line":32,"column":null}},"9":{"start":{"line":30,"column":2},"end":{"line":30,"column":null}},"10":{"start":{"line":31,"column":2},"end":{"line":31,"column":null}},"11":{"start":{"line":35,"column":39},"end":{"line":51,"column":null}},"12":{"start":{"line":54,"column":41},"end":{"line":62,"column":null}},"13":{"start":{"line":54,"column":71},"end":{"line":62,"column":3}},"14":{"start":{"line":65,"column":22},"end":{"line":65,"column":null}},"15":{"start":{"line":65,"column":56},"end":{"line":65,"column":65}},"16":{"start":{"line":67,"column":1},"end":{"line":73,"column":null}},"17":{"start":{"line":68,"column":21},"end":{"line":68,"column":null}},"18":{"start":{"line":68,"column":46},"end":{"line":68,"column":74}},"19":{"start":{"line":69,"column":2},"end":{"line":72,"column":null}},"20":{"start":{"line":70,"column":3},"end":{"line":70,"column":null}},"21":{"start":{"line":71,"column":3},"end":{"line":71,"column":null}},"22":{"start":{"line":75,"column":1},"end":{"line":80,"column":null}},"23":{"start":{"line":76,"column":2},"end":{"line":79,"column":null}},"24":{"start":{"line":77,"column":3},"end":{"line":77,"column":null}},"25":{"start":{"line":78,"column":3},"end":{"line":78,"column":null}},"26":{"start":{"line":83,"column":16},"end":{"line":83,"column":null}},"27":{"start":{"line":85,"column":1},"end":{"line":85,"column":null}},"28":{"start":{"line":88,"column":1},"end":{"line":92,"column":null}},"29":{"start":{"line":91,"column":28},"end":{"line":91,"column":65}},"30":{"start":{"line":92,"column":18},"end":{"line":92,"column":55}},"31":{"start":{"line":94,"column":1},"end":{"line":94,"column":null}}},"fnMap":{"0":{"name":"(anonymous_0)","decl":{"start":{"line":22,"column":48},"end":{"line":22,"column":55}},"loc":{"start":{"line":22,"column":61},"end":{"line":95,"column":1}},"line":22},"1":{"name":"(anonymous_1)","decl":{"start":{"line":54,"column":59},"end":{"line":54,"column":60}},"loc":{"start":{"line":54,"column":71},"end":{"line":62,"column":3}},"line":54},"2":{"name":"(anonymous_2)","decl":{"start":{"line":65,"column":49},"end":{"line":65,"column":50}},"loc":{"start":{"line":65,"column":56},"end":{"line":65,"column":65}},"line":65},"3":{"name":"(anonymous_3)","decl":{"start":{"line":68,"column":39},"end":{"line":68,"column":40}},"loc":{"start":{"line":68,"column":46},"end":{"line":68,"column":74}},"line":68},"4":{"name":"(anonymous_4)","decl":{"start":{"line":91,"column":20},"end":{"line":91,"column":21}},"loc":{"start":{"line":91,"column":28},"end":{"line":91,"column":65}},"line":91},"5":{"name":"(anonymous_5)","decl":{"start":{"line":92,"column":9},"end":{"line":92,"column":10}},"loc":{"start":{"line":92,"column":18},"end":{"line":92,"column":55}},"line":92}},"branchMap":{"0":{"loc":{"start":{"line":25,"column":15},"end":{"line":25,"column":null}},"type":"binary-expr","locations":[{"start":{"line":25,"column":15},"end":{"line":25,"column":35}},{"start":{"line":25,"column":35},"end":{"line":25,"column":null}}],"line":25},"1":{"loc":{"start":{"line":26,"column":15},"end":{"line":26,"column":null}},"type":"binary-expr","locations":[{"start":{"line":26,"column":15},"end":{"line":26,"column":47}},{"start":{"line":26,"column":47},"end":{"line":26,"column":null}}],"line":26},"2":{"loc":{"start":{"line":29,"column":1},"end":{"line":32,"column":null}},"type":"if","locations":[{"start":{"line":29,"column":1},"end":{"line":32,"column":null}},{"start":{},"end":{}}],"line":29},"3":{"loc":{"start":{"line":69,"column":2},"end":{"line":72,"column":null}},"type":"if","locations":[{"start":{"line":69,"column":2},"end":{"line":72,"column":null}},{"start":{},"end":{}}],"line":69},"4":{"loc":{"start":{"line":76,"column":2},"end":{"line":79,"column":null}},"type":"if","locations":[{"start":{"line":76,"column":2},"end":{"line":79,"column":null}},{"start":{},"end":{}}],"line":76}},"s":{"0":1,"1":1,"2":1,"3":6,"4":6,"5":6,"6":6,"7":6,"8":6,"9":0,"10":0,"11":6,"12":6,"13":8,"14":6,"15":8,"16":6,"17":8,"18":5,"19":8,"20":2,"21":2,"22":6,"23":5,"24":3,"25":3,"26":6,"27":6,"28":6,"29":8,"30":0,"31":6},"f":{"0":6,"1":8,"2":8,"3":5,"4":8,"5":0},"b":{"0":[6,0],"1":[6,5],"2":[0,6],"3":[2,6],"4":[3,2]},"meta":{"lastBranch":5,"lastFunction":6,"lastStatement":32,"seen":{"s:6:6:6:Infinity":0,"s:8:28:8:Infinity":1,"s:22:0:95:Infinity":2,"f:22:48:22:55":0,"s:23:7:23:Infinity":3,"s:24:19:24:Infinity":4,"s:25:15:25:Infinity":5,"b:25:15:25:35:25:35:25:Infinity":0,"s:26:15:26:Infinity":6,"b:26:15:26:47:26:47:26:Infinity":1,"s:28:16:28:Infinity":7,"b:29:1:32:Infinity:undefined:undefined:undefined:undefined":2,"s:29:1:32:Infinity":8,"s:30:2:30:Infinity":9,"s:31:2:31:Infinity":10,"s:35:39:51:Infinity":11,"s:54:41:62:Infinity":12,"f:54:59:54:60":1,"s:54:71:62:3":13,"s:65:22:65:Infinity":14,"f:65:49:65:50":2,"s:65:56:65:65":15,"s:67:1:73:Infinity":16,"s:68:21:68:Infinity":17,"f:68:39:68:40":3,"s:68:46:68:74":18,"b:69:2:72:Infinity:undefined:undefined:undefined:undefined":3,"s:69:2:72:Infinity":19,"s:70:3:70:Infinity":20,"s:71:3:71:Infinity":21,"s:75:1:80:Infinity":22,"b:76:2:79:Infinity:undefined:undefined:undefined:undefined":4,"s:76:2:79:Infinity":23,"s:77:3:77:Infinity":24,"s:78:3:78:Infinity":25,"s:83:16:83:Infinity":26,"s:85:1:85:Infinity":27,"s:88:1:92:Infinity":28,"f:91:20:91:21":4,"s:91:28:91:65":29,"f:92:9:92:10":5,"s:92:18:92:55":30,"s:94:1:94:Infinity":31}}}
,"/Users/gong/Programming/Projects/cramkit/packages/api/src/services/amortiser.ts": {"path":"/Users/gong/Programming/Projects/cramkit/packages/api/src/services/amortiser.ts","statementMap":{"0":{"start":{"line":3,"column":6},"end":{"line":3,"column":null}},"1":{"start":{"line":5,"column":30},"end":{"line":5,"column":null}},"2":{"start":{"line":17,"column":1},"end":{"line":81,"column":null}},"3":{"start":{"line":18,"column":8},"end":{"line":18,"column":null}},"4":{"start":{"line":21,"column":27},"end":{"line":31,"column":null}},"5":{"start":{"line":33,"column":2},"end":{"line":35,"column":null}},"6":{"start":{"line":34,"column":3},"end":{"line":34,"column":null}},"7":{"start":{"line":37,"column":16},"end":{"line":37,"column":null}},"8":{"start":{"line":39,"column":2},"end":{"line":74,"column":null}},"9":{"start":{"line":40,"column":3},"end":{"line":40,"column":null}},"10":{"start":{"line":40,"column":41},"end":{"line":40,"column":null}},"11":{"start":{"line":42,"column":3},"end":{"line":73,"column":null}},"12":{"start":{"line":43,"column":4},"end":{"line":43,"column":null}},"13":{"start":{"line":43,"column":42},"end":{"line":43,"column":null}},"14":{"start":{"line":46,"column":21},"end":{"line":54,"column":null}},"15":{"start":{"line":56,"column":4},"end":{"line":56,"column":null}},"16":{"start":{"line":56,"column":18},"end":{"line":56,"column":null}},"17":{"start":{"line":58,"column":4},"end":{"line":70,"column":null}},"18":{"start":{"line":72,"column":4},"end":{"line":72,"column":null}},"19":{"start":{"line":76,"column":2},"end":{"line":78,"column":null}},"20":{"start":{"line":77,"column":3},"end":{"line":77,"column":null}},"21":{"start":{"line":80,"column":2},"end":{"line":80,"column":null}}},"fnMap":{"0":{"name":"amortiseSearchResults","decl":{"start":{"line":12,"column":22},"end":{"line":12,"column":null}},"loc":{"start":{"line":16,"column":17},"end":{"line":82,"column":null}},"line":16}},"branchMap":{"0":{"loc":{"start":{"line":33,"column":2},"end":{"line":35,"column":null}},"type":"if","locations":[{"start":{"line":33,"column":2},"end":{"line":35,"column":null}},{"start":{},"end":{}}],"line":33},"1":{"loc":{"start":{"line":33,"column":6},"end":{"line":33,"column":68}},"type":"binary-expr","locations":[{"start":{"line":33,"column":6},"end":{"line":33,"column":39}},{"start":{"line":33,"column":39},"end":{"line":33,"column":68}}],"line":33},"2":{"loc":{"start":{"line":40,"column":3},"end":{"line":40,"column":null}},"type":"if","locations":[{"start":{"line":40,"column":3},"end":{"line":40,"column":null}},{"start":{},"end":{}}],"line":40},"3":{"loc":{"start":{"line":43,"column":4},"end":{"line":43,"column":null}},"type":"if","locations":[{"start":{"line":43,"column":4},"end":{"line":43,"column":null}},{"start":{},"end":{}}],"line":43},"4":{"loc":{"start":{"line":56,"column":4},"end":{"line":56,"column":null}},"type":"if","locations":[{"start":{"line":56,"column":4},"end":{"line":56,"column":null}},{"start":{},"end":{}}],"line":56},"5":{"loc":{"start":{"line":76,"column":2},"end":{"line":78,"column":null}},"type":"if","locations":[{"start":{"line":76,"column":2},"end":{"line":78,"column":null}},{"start":{},"end":{}}],"line":76}},"s":{"0":3,"1":3,"2":15,"3":15,"4":15,"5":15,"6":4,"7":11,"8":11,"9":26,"10":1,"11":25,"12":32,"13":1,"14":31,"15":31,"16":10,"17":21,"18":21,"19":11,"20":8,"21":0},"f":{"0":15},"b":{"0":[4,11],"1":[15,12],"2":[1,25],"3":[1,31],"4":[10,21],"5":[8,3]},"meta":{"lastBranch":6,"lastFunction":1,"lastStatement":22,"seen":{"s:3:6:3:Infinity":0,"s:5:30:5:Infinity":1,"f:12:22:12:Infinity":0,"s:17:1:81:Infinity":2,"s:18:8:18:Infinity":3,"s:21:27:31:Infinity":4,"b:33:2:35:Infinity:undefined:undefined:undefined:undefined":0,"s:33:2:35:Infinity":5,"b:33:6:33:39:33:39:33:68":1,"s:34:3:34:Infinity":6,"s:37:16:37:Infinity":7,"s:39:2:74:Infinity":8,"b:40:3:40:Infinity:undefined:undefined:undefined:undefined":2,"s:40:3:40:Infinity":9,"s:40:41:40:Infinity":10,"s:42:3:73:Infinity":11,"b:43:4:43:Infinity:undefined:undefined:undefined:undefined":3,"s:43:4:43:Infinity":12,"s:43:42:43:Infinity":13,"s:46:21:54:Infinity":14,"b:56:4:56:Infinity:undefined:undefined:undefined:undefined":4,"s:56:4:56:Infinity":15,"s:56:18:56:Infinity":16,"s:58:4:70:Infinity":17,"s:72:4:72:Infinity":18,"b:76:2:78:Infinity:undefined:undefined:undefined:undefined":5,"s:76:2:78:Infinity":19,"s:77:3:77:Infinity":20,"s:80:2:80:Infinity":21}}}
,"/Users/gong/Programming/Projects/cramkit/packages/api/src/services/graph-indexer.ts": {"path":"/Users/gong/Programming/Projects/cramkit/packages/api/src/services/graph-indexer.ts","statementMap":{"0":{"start":{"line":4,"column":6},"end":{"line":4,"column":null}},"1":{"start":{"line":40,"column":1},"end":{"line":43,"column":null}},"2":{"start":{"line":42,"column":17},"end":{"line":42,"column":75}},"3":{"start":{"line":52,"column":2},"end":{"line":54,"column":null}},"4":{"start":{"line":53,"column":113},"end":{"line":53,"column":170}},"5":{"start":{"line":56,"column":1},"end":{"line":89,"column":null}},"6":{"start":{"line":93,"column":7},"end":{"line":93,"column":null}},"7":{"start":{"line":95,"column":14},"end":{"line":100,"column":null}},"8":{"start":{"line":102,"column":1},"end":{"line":105,"column":null}},"9":{"start":{"line":103,"column":2},"end":{"line":103,"column":null}},"10":{"start":{"line":104,"column":2},"end":{"line":104,"column":null}},"11":{"start":{"line":107,"column":1},"end":{"line":110,"column":null}},"12":{"start":{"line":108,"column":2},"end":{"line":108,"column":null}},"13":{"start":{"line":109,"column":2},"end":{"line":109,"column":null}},"14":{"start":{"line":112,"column":1},"end":{"line":112,"column":null}},"15":{"start":{"line":114,"column":26},"end":{"line":117,"column":null}},"16":{"start":{"line":119,"column":17},"end":{"line":119,"column":null}},"17":{"start":{"line":119,"column":40},"end":{"line":119,"column":49}},"18":{"start":{"line":120,"column":18},"end":{"line":124,"column":null}},"19":{"start":{"line":127,"column":1},"end":{"line":135,"column":null}},"20":{"start":{"line":128,"column":19},"end":{"line":128,"column":null}},"21":{"start":{"line":130,"column":20},"end":{"line":130,"column":null}},"22":{"start":{"line":131,"column":2},"end":{"line":131,"column":null}},"23":{"start":{"line":133,"column":2},"end":{"line":133,"column":null}},"24":{"start":{"line":134,"column":2},"end":{"line":134,"column":null}},"25":{"start":{"line":138,"column":18},"end":{"line":138,"column":null}},"26":{"start":{"line":138,"column":41},"end":{"line":138,"column":45}},"27":{"start":{"line":139,"column":19},"end":{"line":139,"column":null}},"28":{"start":{"line":140,"column":1},"end":{"line":149,"column":null}},"29":{"start":{"line":152,"column":1},"end":{"line":170,"column":null}},"30":{"start":{"line":153,"column":15},"end":{"line":153,"column":null}},"31":{"start":{"line":154,"column":2},"end":{"line":169,"column":null}},"32":{"start":{"line":173,"column":21},"end":{"line":176,"column":null}},"33":{"start":{"line":177,"column":20},"end":{"line":177,"column":null}},"34":{"start":{"line":177,"column":51},"end":{"line":177,"column":65}},"35":{"start":{"line":180,"column":1},"end":{"line":199,"column":null}},"36":{"start":{"line":181,"column":22},"end":{"line":181,"column":null}},"37":{"start":{"line":182,"column":20},"end":{"line":182,"column":null}},"38":{"start":{"line":183,"column":2},"end":{"line":183,"column":null}},"39":{"start":{"line":183,"column":18},"end":{"line":183,"column":null}},"40":{"start":{"line":185,"column":2},"end":{"line":198,"column":null}},"41":{"start":{"line":202,"column":1},"end":{"line":221,"column":null}},"42":{"start":{"line":203,"column":19},"end":{"line":203,"column":null}},"43":{"start":{"line":204,"column":19},"end":{"line":204,"column":null}},"44":{"start":{"line":205,"column":2},"end":{"line":205,"column":null}},"45":{"start":{"line":205,"column":30},"end":{"line":205,"column":null}},"46":{"start":{"line":207,"column":2},"end":{"line":220,"column":null}},"47":{"start":{"line":224,"column":1},"end":{"line":248,"column":null}},"48":{"start":{"line":225,"column":22},"end":{"line":225,"column":null}},"49":{"start":{"line":226,"column":20},"end":{"line":226,"column":null}},"50":{"start":{"line":227,"column":2},"end":{"line":227,"column":null}},"51":{"start":{"line":227,"column":18},"end":{"line":227,"column":null}},"52":{"start":{"line":230,"column":24},"end":{"line":232,"column":null}},"53":{"start":{"line":231,"column":10},"end":{"line":231,"column":null}},"54":{"start":{"line":234,"column":2},"end":{"line":247,"column":null}},"55":{"start":{"line":251,"column":1},"end":{"line":254,"column":null}},"56":{"start":{"line":256,"column":1},"end":{"line":258,"column":null}}},"fnMap":{"0":{"name":"toTitleCase","decl":{"start":{"line":39,"column":9},"end":{"line":39,"column":21}},"loc":{"start":{"line":39,"column":42},"end":{"line":44,"column":null}},"line":39},"1":{"name":"(anonymous_1)","decl":{"start":{"line":42,"column":7},"end":{"line":42,"column":8}},"loc":{"start":{"line":42,"column":17},"end":{"line":42,"column":75}},"line":42},"2":{"name":"buildPrompt","decl":{"start":{"line":46,"column":9},"end":{"line":46,"column":null}},"loc":{"start":{"line":50,"column":55},"end":{"line":90,"column":null}},"line":50},"3":{"name":"(anonymous_3)","decl":{"start":{"line":53,"column":106},"end":{"line":53,"column":107}},"loc":{"start":{"line":53,"column":113},"end":{"line":53,"column":170}},"line":53},"4":{"name":"indexFileGraph","decl":{"start":{"line":92,"column":22},"end":{"line":92,"column":37}},"loc":{"start":{"line":92,"column":68},"end":{"line":259,"column":null}},"line":92},"5":{"name":"(anonymous_5)","decl":{"start":{"line":119,"column":33},"end":{"line":119,"column":34}},"loc":{"start":{"line":119,"column":40},"end":{"line":119,"column":49}},"line":119},"6":{"name":"(anonymous_6)","decl":{"start":{"line":138,"column":34},"end":{"line":138,"column":35}},"loc":{"start":{"line":138,"column":41},"end":{"line":138,"column":45}},"line":138},"7":{"name":"(anonymous_7)","decl":{"start":{"line":177,"column":44},"end":{"line":177,"column":45}},"loc":{"start":{"line":177,"column":51},"end":{"line":177,"column":65}},"line":177},"8":{"name":"(anonymous_8)","decl":{"start":{"line":231,"column":3},"end":{"line":231,"column":4}},"loc":{"start":{"line":231,"column":10},"end":{"line":231,"column":null}},"line":231}},"branchMap":{"0":{"loc":{"start":{"line":52,"column":2},"end":{"line":54,"column":null}},"type":"cond-expr","locations":[{"start":{"line":53,"column":5},"end":{"line":53,"column":null}},{"start":{"line":54,"column":5},"end":{"line":54,"column":null}}],"line":52},"1":{"loc":{"start":{"line":53,"column":127},"end":{"line":53,"column":168}},"type":"cond-expr","locations":[{"start":{"line":53,"column":143},"end":{"line":53,"column":166}},{"start":{"line":53,"column":166},"end":{"line":53,"column":168}}],"line":53},"2":{"loc":{"start":{"line":84,"column":20},"end":{"line":84,"column":62}},"type":"cond-expr","locations":[{"start":{"line":84,"column":33},"end":{"line":84,"column":60}},{"start":{"line":84,"column":60},"end":{"line":84,"column":62}}],"line":84},"3":{"loc":{"start":{"line":102,"column":1},"end":{"line":105,"column":null}},"type":"if","locations":[{"start":{"line":102,"column":1},"end":{"line":105,"column":null}},{"start":{},"end":{}}],"line":102},"4":{"loc":{"start":{"line":107,"column":1},"end":{"line":110,"column":null}},"type":"if","locations":[{"start":{"line":107,"column":1},"end":{"line":110,"column":null}},{"start":{},"end":{}}],"line":107},"5":{"loc":{"start":{"line":130,"column":20},"end":{"line":130,"column":null}},"type":"binary-expr","locations":[{"start":{"line":130,"column":20},"end":{"line":130,"column":70}},{"start":{"line":130,"column":70},"end":{"line":130,"column":null}}],"line":130},"6":{"loc":{"start":{"line":159,"column":17},"end":{"line":159,"column":null}},"type":"binary-expr","locations":[{"start":{"line":159,"column":17},"end":{"line":159,"column":40}},{"start":{"line":159,"column":40},"end":{"line":159,"column":null}}],"line":159},"7":{"loc":{"start":{"line":160,"column":13},"end":{"line":160,"column":null}},"type":"binary-expr","locations":[{"start":{"line":160,"column":13},"end":{"line":160,"column":32}},{"start":{"line":160,"column":32},"end":{"line":160,"column":null}}],"line":160},"8":{"loc":{"start":{"line":165,"column":17},"end":{"line":165,"column":null}},"type":"binary-expr","locations":[{"start":{"line":165,"column":17},"end":{"line":165,"column":40}},{"start":{"line":165,"column":40},"end":{"line":165,"column":null}}],"line":165},"9":{"loc":{"start":{"line":166,"column":13},"end":{"line":166,"column":null}},"type":"binary-expr","locations":[{"start":{"line":166,"column":13},"end":{"line":166,"column":32}},{"start":{"line":166,"column":32},"end":{"line":166,"column":null}}],"line":166},"10":{"loc":{"start":{"line":183,"column":2},"end":{"line":183,"column":null}},"type":"if","locations":[{"start":{"line":183,"column":2},"end":{"line":183,"column":null}},{"start":{},"end":{}}],"line":183},"11":{"loc":{"start":{"line":195,"column":16},"end":{"line":195,"column":null}},"type":"binary-expr","locations":[{"start":{"line":195,"column":16},"end":{"line":195,"column":35}},{"start":{"line":195,"column":35},"end":{"line":195,"column":null}}],"line":195},"12":{"loc":{"start":{"line":205,"column":2},"end":{"line":205,"column":null}},"type":"if","locations":[{"start":{"line":205,"column":2},"end":{"line":205,"column":null}},{"start":{},"end":{}}],"line":205},"13":{"loc":{"start":{"line":205,"column":6},"end":{"line":205,"column":30}},"type":"binary-expr","locations":[{"start":{"line":205,"column":6},"end":{"line":205,"column":19}},{"start":{"line":205,"column":19},"end":{"line":205,"column":30}}],"line":205},"14":{"loc":{"start":{"line":217,"column":16},"end":{"line":217,"column":null}},"type":"binary-expr","locations":[{"start":{"line":217,"column":16},"end":{"line":217,"column":35}},{"start":{"line":217,"column":35},"end":{"line":217,"column":null}}],"line":217},"15":{"loc":{"start":{"line":227,"column":2},"end":{"line":227,"column":null}},"type":"if","locations":[{"start":{"line":227,"column":2},"end":{"line":227,"column":null}},{"start":{},"end":{}}],"line":227},"16":{"loc":{"start":{"line":231,"column":10},"end":{"line":231,"column":null}},"type":"binary-expr","locations":[{"start":{"line":231,"column":10},"end":{"line":231,"column":51}},{"start":{"line":231,"column":51},"end":{"line":231,"column":null}}],"line":231},"17":{"loc":{"start":{"line":237,"column":16},"end":{"line":237,"column":null}},"type":"cond-expr","locations":[{"start":{"line":237,"column":32},"end":{"line":237,"column":42}},{"start":{"line":237,"column":42},"end":{"line":237,"column":null}}],"line":237},"18":{"loc":{"start":{"line":238,"column":14},"end":{"line":238,"column":null}},"type":"binary-expr","locations":[{"start":{"line":238,"column":14},"end":{"line":238,"column":35}},{"start":{"line":238,"column":35},"end":{"line":238,"column":null}}],"line":238},"19":{"loc":{"start":{"line":244,"column":16},"end":{"line":244,"column":null}},"type":"binary-expr","locations":[{"start":{"line":244,"column":16},"end":{"line":244,"column":35}},{"start":{"line":244,"column":35},"end":{"line":244,"column":null}}],"line":244}},"s":{"0":3,"1":951,"2":2209,"3":54,"4":285,"5":54,"6":56,"7":56,"8":56,"9":1,"10":1,"11":55,"12":1,"13":1,"14":54,"15":54,"16":54,"17":54,"18":54,"19":54,"20":54,"21":54,"22":56,"23":1,"24":1,"25":53,"26":53,"27":53,"28":53,"29":53,"30":251,"31":251,"32":53,"33":53,"34":417,"35":53,"36":251,"37":251,"38":251,"39":1,"40":250,"41":53,"42":94,"43":94,"44":94,"45":1,"46":93,"47":53,"48":75,"49":75,"50":75,"51":1,"52":74,"53":74,"54":74,"55":53,"56":53},"f":{"0":951,"1":2209,"2":54,"3":285,"4":56,"5":54,"6":53,"7":417,"8":74},"b":{"0":[34,20],"1":[285,0],"2":[0,54],"3":[1,55],"4":[1,54],"5":[54,53],"6":[251,0],"7":[251,155],"8":[251,0],"9":[251,155],"10":[1,250],"11":[250,0],"12":[1,93],"13":[94,94],"14":[93,0],"15":[1,74],"16":[74,74],"17":[56,18],"18":[75,18],"19":[75,0]},"meta":{"lastBranch":20,"lastFunction":9,"lastStatement":57,"seen":{"s:4:6:4:Infinity":0,"f:39:9:39:21":0,"s:40:1:43:Infinity":1,"f:42:7:42:8":1,"s:42:17:42:75":2,"f:46:9:46:Infinity":2,"s:52:2:54:Infinity":3,"b:53:5:53:Infinity:54:5:54:Infinity":0,"f:53:106:53:107":3,"s:53:113:53:170":4,"b:53:143:53:166:53:166:53:168":1,"s:56:1:89:Infinity":5,"b:84:33:84:60:84:60:84:62":2,"f:92:22:92:37":4,"s:93:7:93:Infinity":6,"s:95:14:100:Infinity":7,"b:102:1:105:Infinity:undefined:undefined:undefined:undefined":3,"s:102:1:105:Infinity":8,"s:103:2:103:Infinity":9,"s:104:2:104:Infinity":10,"b:107:1:110:Infinity:undefined:undefined:undefined:undefined":4,"s:107:1:110:Infinity":11,"s:108:2:108:Infinity":12,"s:109:2:109:Infinity":13,"s:112:1:112:Infinity":14,"s:114:26:117:Infinity":15,"s:119:17:119:Infinity":16,"f:119:33:119:34":5,"s:119:40:119:49":17,"s:120:18:124:Infinity":18,"s:127:1:135:Infinity":19,"s:128:19:128:Infinity":20,"s:130:20:130:Infinity":21,"b:130:20:130:70:130:70:130:Infinity":5,"s:131:2:131:Infinity":22,"s:133:2:133:Infinity":23,"s:134:2:134:Infinity":24,"s:138:18:138:Infinity":25,"f:138:34:138:35":6,"s:138:41:138:45":26,"s:139:19:139:Infinity":27,"s:140:1:149:Infinity":28,"s:152:1:170:Infinity":29,"s:153:15:153:Infinity":30,"s:154:2:169:Infinity":31,"b:159:17:159:40:159:40:159:Infinity":6,"b:160:13:160:32:160:32:160:Infinity":7,"b:165:17:165:40:165:40:165:Infinity":8,"b:166:13:166:32:166:32:166:Infinity":9,"s:173:21:176:Infinity":32,"s:177:20:177:Infinity":33,"f:177:44:177:45":7,"s:177:51:177:65":34,"s:180:1:199:Infinity":35,"s:181:22:181:Infinity":36,"s:182:20:182:Infinity":37,"b:183:2:183:Infinity:undefined:undefined:undefined:undefined":10,"s:183:2:183:Infinity":38,"s:183:18:183:Infinity":39,"s:185:2:198:Infinity":40,"b:195:16:195:35:195:35:195:Infinity":11,"s:202:1:221:Infinity":41,"s:203:19:203:Infinity":42,"s:204:19:204:Infinity":43,"b:205:2:205:Infinity:undefined:undefined:undefined:undefined":12,"s:205:2:205:Infinity":44,"b:205:6:205:19:205:19:205:30":13,"s:205:30:205:Infinity":45,"s:207:2:220:Infinity":46,"b:217:16:217:35:217:35:217:Infinity":14,"s:224:1:248:Infinity":47,"s:225:22:225:Infinity":48,"s:226:20:226:Infinity":49,"b:227:2:227:Infinity:undefined:undefined:undefined:undefined":15,"s:227:2:227:Infinity":50,"s:227:18:227:Infinity":51,"s:230:24:232:Infinity":52,"f:231:3:231:4":8,"s:231:10:231:Infinity":53,"b:231:10:231:51:231:51:231:Infinity":16,"s:234:2:247:Infinity":54,"b:237:32:237:42:237:42:237:Infinity":17,"b:238:14:238:35:238:35:238:Infinity":18,"b:244:16:244:35:244:35:244:Infinity":19,"s:251:1:254:Infinity":55,"s:256:1:258:Infinity":56}}}
,"/Users/gong/Programming/Projects/cramkit/packages/api/src/services/graph-search.ts": {"path":"/Users/gong/Programming/Projects/cramkit/packages/api/src/services/graph-search.ts","statementMap":{"0":{"start":{"line":3,"column":6},"end":{"line":3,"column":null}},"1":{"start":{"line":21,"column":7},"end":{"line":21,"column":null}},"2":{"start":{"line":22,"column":20},"end":{"line":22,"column":null}},"3":{"start":{"line":25,"column":18},"end":{"line":34,"column":null}},"4":{"start":{"line":36,"column":1},"end":{"line":39,"column":null}},"5":{"start":{"line":37,"column":2},"end":{"line":37,"column":null}},"6":{"start":{"line":38,"column":2},"end":{"line":38,"column":null}},"7":{"start":{"line":41,"column":1},"end":{"line":41,"column":null}},"8":{"start":{"line":42,"column":20},"end":{"line":42,"column":null}},"9":{"start":{"line":42,"column":40},"end":{"line":42,"column":44}},"10":{"start":{"line":43,"column":22},"end":{"line":43,"column":null}},"11":{"start":{"line":43,"column":50},"end":{"line":43,"column":64}},"12":{"start":{"line":46,"column":23},"end":{"line":54,"column":null}},"13":{"start":{"line":57,"column":18},"end":{"line":57,"column":null}},"14":{"start":{"line":58,"column":17},"end":{"line":58,"column":null}},"15":{"start":{"line":59,"column":25},"end":{"line":59,"column":null}},"16":{"start":{"line":61,"column":1},"end":{"line":89,"column":null}},"17":{"start":{"line":62,"column":32},"end":{"line":62,"column":null}},"18":{"start":{"line":63,"column":34},"end":{"line":63,"column":null}},"19":{"start":{"line":64,"column":33},"end":{"line":64,"column":null}},"20":{"start":{"line":66,"column":2},"end":{"line":74,"column":null}},"21":{"start":{"line":67,"column":3},"end":{"line":67,"column":null}},"22":{"start":{"line":68,"column":3},"end":{"line":68,"column":null}},"23":{"start":{"line":69,"column":3},"end":{"line":69,"column":null}},"24":{"start":{"line":70,"column":2},"end":{"line":74,"column":null}},"25":{"start":{"line":71,"column":3},"end":{"line":71,"column":null}},"26":{"start":{"line":72,"column":3},"end":{"line":72,"column":null}},"27":{"start":{"line":73,"column":3},"end":{"line":73,"column":null}},"28":{"start":{"line":76,"column":2},"end":{"line":76,"column":null}},"29":{"start":{"line":76,"column":46},"end":{"line":76,"column":null}},"30":{"start":{"line":78,"column":2},"end":{"line":88,"column":null}},"31":{"start":{"line":79,"column":3},"end":{"line":79,"column":null}},"32":{"start":{"line":80,"column":20},"end":{"line":80,"column":null}},"33":{"start":{"line":81,"column":3},"end":{"line":84,"column":null}},"34":{"start":{"line":85,"column":3},"end":{"line":85,"column":null}},"35":{"start":{"line":86,"column":2},"end":{"line":88,"column":null}},"36":{"start":{"line":87,"column":3},"end":{"line":87,"column":null}},"37":{"start":{"line":92,"column":1},"end":{"line":115,"column":null}},"38":{"start":{"line":93,"column":21},"end":{"line":96,"column":null}},"39":{"start":{"line":97,"column":2},"end":{"line":114,"column":null}},"40":{"start":{"line":98,"column":3},"end":{"line":98,"column":null}},"41":{"start":{"line":100,"column":20},"end":{"line":104,"column":null}},"42":{"start":{"line":102,"column":6},"end":{"line":103,"column":null}},"43":{"start":{"line":105,"column":3},"end":{"line":113,"column":null}},"44":{"start":{"line":106,"column":22},"end":{"line":106,"column":null}},"45":{"start":{"line":107,"column":21},"end":{"line":107,"column":null}},"46":{"start":{"line":108,"column":4},"end":{"line":111,"column":null}},"47":{"start":{"line":112,"column":4},"end":{"line":112,"column":null}},"48":{"start":{"line":117,"column":1},"end":{"line":120,"column":null}},"49":{"start":{"line":118,"column":2},"end":{"line":118,"column":null}},"50":{"start":{"line":119,"column":2},"end":{"line":119,"column":null}},"51":{"start":{"line":123,"column":16},"end":{"line":129,"column":null}},"52":{"start":{"line":131,"column":1},"end":{"line":131,"column":null}},"53":{"start":{"line":133,"column":1},"end":{"line":142,"column":null}},"54":{"start":{"line":133,"column":31},"end":{"line":142,"column":3}}},"fnMap":{"0":{"name":"searchGraph","decl":{"start":{"line":16,"column":22},"end":{"line":16,"column":null}},"loc":{"start":{"line":20,"column":32},"end":{"line":143,"column":null}},"line":20},"1":{"name":"(anonymous_1)","decl":{"start":{"line":42,"column":33},"end":{"line":42,"column":34}},"loc":{"start":{"line":42,"column":40},"end":{"line":42,"column":44}},"line":42},"2":{"name":"(anonymous_2)","decl":{"start":{"line":43,"column":43},"end":{"line":43,"column":44}},"loc":{"start":{"line":43,"column":50},"end":{"line":43,"column":64}},"line":43},"3":{"name":"(anonymous_3)","decl":{"start":{"line":101,"column":4},"end":{"line":101,"column":5}},"loc":{"start":{"line":102,"column":6},"end":{"line":103,"column":null}},"line":102},"4":{"name":"(anonymous_4)","decl":{"start":{"line":133,"column":19},"end":{"line":133,"column":20}},"loc":{"start":{"line":133,"column":31},"end":{"line":142,"column":3}},"line":133}},"branchMap":{"0":{"loc":{"start":{"line":36,"column":1},"end":{"line":39,"column":null}},"type":"if","locations":[{"start":{"line":36,"column":1},"end":{"line":39,"column":null}},{"start":{},"end":{}}],"line":36},"1":{"loc":{"start":{"line":66,"column":2},"end":{"line":74,"column":null}},"type":"if","locations":[{"start":{"line":66,"column":2},"end":{"line":74,"column":null}},{"start":{"line":70,"column":2},"end":{"line":74,"column":null}}],"line":66},"2":{"loc":{"start":{"line":66,"column":6},"end":{"line":66,"column":73}},"type":"binary-expr","locations":[{"start":{"line":66,"column":6},"end":{"line":66,"column":38}},{"start":{"line":66,"column":38},"end":{"line":66,"column":73}}],"line":66},"3":{"loc":{"start":{"line":70,"column":2},"end":{"line":74,"column":null}},"type":"if","locations":[{"start":{"line":70,"column":2},"end":{"line":74,"column":null}},{"start":{},"end":{}}],"line":70},"4":{"loc":{"start":{"line":70,"column":13},"end":{"line":70,"column":80}},"type":"binary-expr","locations":[{"start":{"line":70,"column":13},"end":{"line":70,"column":45}},{"start":{"line":70,"column":45},"end":{"line":70,"column":80}}],"line":70},"5":{"loc":{"start":{"line":76,"column":2},"end":{"line":76,"column":null}},"type":"if","locations":[{"start":{"line":76,"column":2},"end":{"line":76,"column":null}},{"start":{},"end":{}}],"line":76},"6":{"loc":{"start":{"line":76,"column":6},"end":{"line":76,"column":46}},"type":"binary-expr","locations":[{"start":{"line":76,"column":6},"end":{"line":76,"column":19}},{"start":{"line":76,"column":19},"end":{"line":76,"column":34}},{"start":{"line":76,"column":34},"end":{"line":76,"column":46}}],"line":76},"7":{"loc":{"start":{"line":78,"column":2},"end":{"line":88,"column":null}},"type":"if","locations":[{"start":{"line":78,"column":2},"end":{"line":88,"column":null}},{"start":{"line":86,"column":2},"end":{"line":88,"column":null}}],"line":78},"8":{"loc":{"start":{"line":80,"column":20},"end":{"line":80,"column":null}},"type":"binary-expr","locations":[{"start":{"line":80,"column":20},"end":{"line":80,"column":53}},{"start":{"line":80,"column":53},"end":{"line":80,"column":null}}],"line":80},"9":{"loc":{"start":{"line":82,"column":10},"end":{"line":82,"column":null}},"type":"binary-expr","locations":[{"start":{"line":82,"column":10},"end":{"line":82,"column":41}},{"start":{"line":82,"column":41},"end":{"line":82,"column":null}}],"line":82},"10":{"loc":{"start":{"line":86,"column":2},"end":{"line":88,"column":null}},"type":"if","locations":[{"start":{"line":86,"column":2},"end":{"line":88,"column":null}},{"start":{},"end":{}}],"line":86},"11":{"loc":{"start":{"line":92,"column":1},"end":{"line":115,"column":null}},"type":"if","locations":[{"start":{"line":92,"column":1},"end":{"line":115,"column":null}},{"start":{},"end":{}}],"line":92},"12":{"loc":{"start":{"line":102,"column":6},"end":{"line":103,"column":null}},"type":"binary-expr","locations":[{"start":{"line":102,"column":6},"end":{"line":102,"column":33}},{"start":{"line":102,"column":33},"end":{"line":102,"column":null}},{"start":{"line":103,"column":6},"end":{"line":103,"column":33}},{"start":{"line":103,"column":33},"end":{"line":103,"column":null}}],"line":102},"13":{"loc":{"start":{"line":106,"column":22},"end":{"line":106,"column":null}},"type":"cond-expr","locations":[{"start":{"line":106,"column":53},"end":{"line":106,"column":68}},{"start":{"line":106,"column":68},"end":{"line":106,"column":null}}],"line":106},"14":{"loc":{"start":{"line":107,"column":21},"end":{"line":107,"column":null}},"type":"binary-expr","locations":[{"start":{"line":107,"column":21},"end":{"line":107,"column":51}},{"start":{"line":107,"column":51},"end":{"line":107,"column":null}}],"line":107},"15":{"loc":{"start":{"line":109,"column":11},"end":{"line":109,"column":null}},"type":"binary-expr","locations":[{"start":{"line":109,"column":11},"end":{"line":109,"column":42}},{"start":{"line":109,"column":42},"end":{"line":109,"column":null}}],"line":109},"16":{"loc":{"start":{"line":117,"column":1},"end":{"line":120,"column":null}},"type":"if","locations":[{"start":{"line":117,"column":1},"end":{"line":120,"column":null}},{"start":{},"end":{}}],"line":117},"17":{"loc":{"start":{"line":141,"column":19},"end":{"line":141,"column":null}},"type":"binary-expr","locations":[{"start":{"line":141,"column":19},"end":{"line":141,"column":52}},{"start":{"line":141,"column":52},"end":{"line":141,"column":null}}],"line":141}},"s":{"0":3,"1":17,"2":17,"3":17,"4":17,"5":2,"6":2,"7":15,"8":15,"9":15,"10":15,"11":15,"12":15,"13":15,"14":15,"15":15,"16":15,"17":78,"18":78,"19":78,"20":78,"21":0,"22":0,"23":0,"24":78,"25":78,"26":78,"27":78,"28":78,"29":0,"30":78,"31":49,"32":49,"33":49,"34":49,"35":29,"36":29,"37":15,"38":5,"39":5,"40":33,"41":33,"42":495,"43":33,"44":37,"45":37,"46":37,"47":37,"48":15,"49":0,"50":0,"51":15,"52":15,"53":15,"54":48},"f":{"0":17,"1":15,"2":15,"3":495,"4":48},"b":{"0":[2,15],"1":[0,78],"2":[78,0],"3":[78,0],"4":[78,78],"5":[0,78],"6":[78,78,78],"7":[49,29],"8":[49,49],"9":[49,0],"10":[29,0],"11":[5,10],"12":[495,297,458,0],"13":[0,37],"14":[37,15],"15":[37,0],"16":[0,15],"17":[48,0]},"meta":{"lastBranch":18,"lastFunction":5,"lastStatement":55,"seen":{"s:3:6:3:Infinity":0,"f:16:22:16:Infinity":0,"s:21:7:21:Infinity":1,"s:22:20:22:Infinity":2,"s:25:18:34:Infinity":3,"b:36:1:39:Infinity:undefined:undefined:undefined:undefined":0,"s:36:1:39:Infinity":4,"s:37:2:37:Infinity":5,"s:38:2:38:Infinity":6,"s:41:1:41:Infinity":7,"s:42:20:42:Infinity":8,"f:42:33:42:34":1,"s:42:40:42:44":9,"s:43:22:43:Infinity":10,"f:43:43:43:44":2,"s:43:50:43:64":11,"s:46:23:54:Infinity":12,"s:57:18:57:Infinity":13,"s:58:17:58:Infinity":14,"s:59:25:59:Infinity":15,"s:61:1:89:Infinity":16,"s:62:32:62:Infinity":17,"s:63:34:63:Infinity":18,"s:64:33:64:Infinity":19,"b:66:2:74:Infinity:70:2:74:Infinity":1,"s:66:2:74:Infinity":20,"b:66:6:66:38:66:38:66:73":2,"s:67:3:67:Infinity":21,"s:68:3:68:Infinity":22,"s:69:3:69:Infinity":23,"b:70:2:74:Infinity:undefined:undefined:undefined:undefined":3,"s:70:2:74:Infinity":24,"b:70:13:70:45:70:45:70:80":4,"s:71:3:71:Infinity":25,"s:72:3:72:Infinity":26,"s:73:3:73:Infinity":27,"b:76:2:76:Infinity:undefined:undefined:undefined:undefined":5,"s:76:2:76:Infinity":28,"b:76:6:76:19:76:19:76:34:76:34:76:46":6,"s:76:46:76:Infinity":29,"b:78:2:88:Infinity:86:2:88:Infinity":7,"s:78:2:88:Infinity":30,"s:79:3:79:Infinity":31,"s:80:20:80:Infinity":32,"b:80:20:80:53:80:53:80:Infinity":8,"s:81:3:84:Infinity":33,"b:82:10:82:41:82:41:82:Infinity":9,"s:85:3:85:Infinity":34,"b:86:2:88:Infinity:undefined:undefined:undefined:undefined":10,"s:86:2:88:Infinity":35,"s:87:3:87:Infinity":36,"b:92:1:115:Infinity:undefined:undefined:undefined:undefined":11,"s:92:1:115:Infinity":37,"s:93:21:96:Infinity":38,"s:97:2:114:Infinity":39,"s:98:3:98:Infinity":40,"s:100:20:104:Infinity":41,"f:101:4:101:5":3,"s:102:6:103:Infinity":42,"b:102:6:102:33:102:33:102:Infinity:103:6:103:33:103:33:103:Infinity":12,"s:105:3:113:Infinity":43,"s:106:22:106:Infinity":44,"b:106:53:106:68:106:68:106:Infinity":13,"s:107:21:107:Infinity":45,"b:107:21:107:51:107:51:107:Infinity":14,"s:108:4:111:Infinity":46,"b:109:11:109:42:109:42:109:Infinity":15,"s:112:4:112:Infinity":47,"b:117:1:120:Infinity:undefined:undefined:undefined:undefined":16,"s:117:1:120:Infinity":48,"s:118:2:118:Infinity":49,"s:119:2:119:Infinity":50,"s:123:16:129:Infinity":51,"s:131:1:131:Infinity":52,"s:133:1:142:Infinity":53,"f:133:19:133:20":4,"s:133:31:142:3":54,"b:141:19:141:52:141:52:141:Infinity":17}}}
,"/Users/gong/Programming/Projects/cramkit/packages/api/src/services/llm-client.ts": {"path":"/Users/gong/Programming/Projects/cramkit/packages/api/src/services/llm-client.ts","statementMap":{"0":{"start":{"line":3,"column":6},"end":{"line":3,"column":null}},"1":{"start":{"line":5,"column":21},"end":{"line":5,"column":null}},"2":{"start":{"line":6,"column":20},"end":{"line":6,"column":null}},"3":{"start":{"line":7,"column":18},"end":{"line":7,"column":null}},"4":{"start":{"line":13,"column":15},"end":{"line":13,"column":null}},"5":{"start":{"line":14,"column":21},"end":{"line":14,"column":null}},"6":{"start":{"line":15,"column":19},"end":{"line":15,"column":null}},"7":{"start":{"line":17,"column":1},"end":{"line":17,"column":null}},"8":{"start":{"line":19,"column":18},"end":{"line":31,"column":null}},"9":{"start":{"line":33,"column":1},"end":{"line":37,"column":null}},"10":{"start":{"line":34,"column":20},"end":{"line":34,"column":null}},"11":{"start":{"line":35,"column":2},"end":{"line":35,"column":null}},"12":{"start":{"line":36,"column":2},"end":{"line":36,"column":null}},"13":{"start":{"line":39,"column":15},"end":{"line":39,"column":null}},"14":{"start":{"line":43,"column":17},"end":{"line":43,"column":null}},"15":{"start":{"line":44,"column":1},"end":{"line":46,"column":null}},"16":{"start":{"line":45,"column":2},"end":{"line":45,"column":null}},"17":{"start":{"line":48,"column":1},"end":{"line":48,"column":null}},"18":{"start":{"line":49,"column":1},"end":{"line":49,"column":null}}},"fnMap":{"0":{"name":"chatCompletion","decl":{"start":{"line":9,"column":22},"end":{"line":9,"column":null}},"loc":{"start":{"line":12,"column":19},"end":{"line":50,"column":null}},"line":12}},"branchMap":{"0":{"loc":{"start":{"line":5,"column":21},"end":{"line":5,"column":null}},"type":"binary-expr","locations":[{"start":{"line":5,"column":21},"end":{"line":5,"column":49}},{"start":{"line":5,"column":49},"end":{"line":5,"column":null}}],"line":5},"1":{"loc":{"start":{"line":6,"column":20},"end":{"line":6,"column":null}},"type":"binary-expr","locations":[{"start":{"line":6,"column":20},"end":{"line":6,"column":47}},{"start":{"line":6,"column":47},"end":{"line":6,"column":null}}],"line":6},"2":{"loc":{"start":{"line":7,"column":18},"end":{"line":7,"column":null}},"type":"binary-expr","locations":[{"start":{"line":7,"column":18},"end":{"line":7,"column":43}},{"start":{"line":7,"column":43},"end":{"line":7,"column":null}}],"line":7},"3":{"loc":{"start":{"line":13,"column":15},"end":{"line":13,"column":null}},"type":"binary-expr","locations":[{"start":{"line":13,"column":15},"end":{"line":13,"column":33}},{"start":{"line":13,"column":33},"end":{"line":13,"column":null}}],"line":13},"4":{"loc":{"start":{"line":14,"column":21},"end":{"line":14,"column":null}},"type":"binary-expr","locations":[{"start":{"line":14,"column":21},"end":{"line":14,"column":45}},{"start":{"line":14,"column":45},"end":{"line":14,"column":null}}],"line":14},"5":{"loc":{"start":{"line":15,"column":19},"end":{"line":15,"column":null}},"type":"binary-expr","locations":[{"start":{"line":15,"column":19},"end":{"line":15,"column":41}},{"start":{"line":15,"column":41},"end":{"line":15,"column":null}}],"line":15},"6":{"loc":{"start":{"line":33,"column":1},"end":{"line":37,"column":null}},"type":"if","locations":[{"start":{"line":33,"column":1},"end":{"line":37,"column":null}},{"start":{},"end":{}}],"line":33},"7":{"loc":{"start":{"line":44,"column":1},"end":{"line":46,"column":null}},"type":"if","locations":[{"start":{"line":44,"column":1},"end":{"line":46,"column":null}},{"start":{},"end":{}}],"line":44}},"s":{"0":6,"1":6,"2":6,"3":6,"4":6,"5":6,"6":6,"7":6,"8":6,"9":6,"10":1,"11":1,"12":1,"13":5,"14":5,"15":6,"16":1,"17":4,"18":4},"f":{"0":6},"b":{"0":[6,0],"1":[6,0],"2":[6,0],"3":[6,5],"4":[6,5],"5":[6,5],"6":[1,5],"7":[1,5]},"meta":{"lastBranch":8,"lastFunction":1,"lastStatement":19,"seen":{"s:3:6:3:Infinity":0,"s:5:21:5:Infinity":1,"b:5:21:5:49:5:49:5:Infinity":0,"s:6:20:6:Infinity":2,"b:6:20:6:47:6:47:6:Infinity":1,"s:7:18:7:Infinity":3,"b:7:18:7:43:7:43:7:Infinity":2,"f:9:22:9:Infinity":0,"s:13:15:13:Infinity":4,"b:13:15:13:33:13:33:13:Infinity":3,"s:14:21:14:Infinity":5,"b:14:21:14:45:14:45:14:Infinity":4,"s:15:19:15:Infinity":6,"b:15:19:15:41:15:41:15:Infinity":5,"s:17:1:17:Infinity":7,"s:19:18:31:Infinity":8,"b:33:1:37:Infinity:undefined:undefined:undefined:undefined":6,"s:33:1:37:Infinity":9,"s:34:20:34:Infinity":10,"s:35:2:35:Infinity":11,"s:36:2:36:Infinity":12,"s:39:15:39:Infinity":13,"s:43:17:43:Infinity":14,"b:44:1:46:Infinity:undefined:undefined:undefined:undefined":7,"s:44:1:46:Infinity":15,"s:45:2:45:Infinity":16,"s:48:1:48:Infinity":17,"s:49:1:49:Infinity":18}}}
,"/Users/gong/Programming/Projects/cramkit/packages/mcp/src/tools/graph.ts": {"path":"/Users/gong/Programming/Projects/cramkit/packages/mcp/src/tools/graph.ts","statementMap":{"0":{"start":{"line":5,"column":6},"end":{"line":5,"column":null}},"1":{"start":{"line":7,"column":26},"end":{"line":77,"column":null}},"2":{"start":{"line":33,"column":3},"end":{"line":33,"column":null}},"3":{"start":{"line":34,"column":18},"end":{"line":44,"column":null}},"4":{"start":{"line":45,"column":3},"end":{"line":45,"column":null}},"5":{"start":{"line":58,"column":3},"end":{"line":58,"column":null}},"6":{"start":{"line":59,"column":19},"end":{"line":59,"column":null}},"7":{"start":{"line":60,"column":3},"end":{"line":60,"column":null}},"8":{"start":{"line":61,"column":3},"end":{"line":61,"column":null}},"9":{"start":{"line":71,"column":3},"end":{"line":71,"column":null}},"10":{"start":{"line":72,"column":20},"end":{"line":72,"column":null}},"11":{"start":{"line":73,"column":3},"end":{"line":73,"column":null}},"12":{"start":{"line":74,"column":3},"end":{"line":74,"column":null}}},"fnMap":{"0":{"name":"(anonymous_0)","decl":{"start":{"line":22,"column":11},"end":{"line":22,"column":18}},"loc":{"start":{"line":32,"column":8},"end":{"line":46,"column":null}},"line":32},"1":{"name":"(anonymous_1)","decl":{"start":{"line":57,"column":11},"end":{"line":57,"column":18}},"loc":{"start":{"line":57,"column":86},"end":{"line":62,"column":null}},"line":57},"2":{"name":"(anonymous_2)","decl":{"start":{"line":70,"column":11},"end":{"line":70,"column":18}},"loc":{"start":{"line":70,"column":59},"end":{"line":75,"column":null}},"line":70}},"branchMap":{},"s":{"0":1,"1":1,"2":1,"3":1,"4":1,"5":1,"6":1,"7":1,"8":1,"9":1,"10":1,"11":1,"12":1},"f":{"0":1,"1":1,"2":1},"b":{},"meta":{"lastBranch":0,"lastFunction":3,"lastStatement":13,"seen":{"s:5:6:5:Infinity":0,"s:7:26:77:Infinity":1,"f:22:11:22:18":0,"s:33:3:33:Infinity":2,"s:34:18:44:Infinity":3,"s:45:3:45:Infinity":4,"f:57:11:57:18":1,"s:58:3:58:Infinity":5,"s:59:19:59:Infinity":6,"s:60:3:60:Infinity":7,"s:61:3:61:Infinity":8,"f:70:11:70:18":2,"s:71:3:71:Infinity":9,"s:72:20:72:Infinity":10,"s:73:3:73:Infinity":11,"s:74:3:74:Infinity":12}}}
,"/Users/gong/Programming/Projects/cramkit/packages/shared/src/constants.ts": {"path":"/Users/gong/Programming/Projects/cramkit/packages/shared/src/constants.ts","statementMap":{"0":{"start":{"line":3,"column":58},"end":{"line":11,"column":null}},"1":{"start":{"line":13,"column":64},"end":{"line":19,"column":null}}},"fnMap":{},"branchMap":{},"s":{"0":15,"1":15},"f":{},"b":{},"meta":{"lastBranch":0,"lastFunction":0,"lastStatement":2,"seen":{"s:3:58:11:Infinity":0,"s:13:64:19:Infinity":1}}}
,"/Users/gong/Programming/Projects/cramkit/packages/shared/src/db.ts": {"path":"/Users/gong/Programming/Projects/cramkit/packages/shared/src/db.ts","statementMap":{"0":{"start":{"line":4,"column":6},"end":{"line":4,"column":null}},"1":{"start":{"line":6,"column":34},"end":{"line":6,"column":null}},"2":{"start":{"line":9,"column":1},"end":{"line":12,"column":null}},"3":{"start":{"line":10,"column":2},"end":{"line":10,"column":null}},"4":{"start":{"line":11,"column":2},"end":{"line":11,"column":null}},"5":{"start":{"line":13,"column":1},"end":{"line":13,"column":null}}},"fnMap":{"0":{"name":"getDb","decl":{"start":{"line":8,"column":16},"end":{"line":8,"column":38}},"loc":{"start":{"line":8,"column":38},"end":{"line":14,"column":null}},"line":8}},"branchMap":{"0":{"loc":{"start":{"line":9,"column":1},"end":{"line":12,"column":null}},"type":"if","locations":[{"start":{"line":9,"column":1},"end":{"line":12,"column":null}},{"start":{},"end":{}}],"line":9}},"s":{"0":15,"1":15,"2":111,"3":6,"4":6,"5":111},"f":{"0":111},"b":{"0":[6,105]},"meta":{"lastBranch":1,"lastFunction":1,"lastStatement":6,"seen":{"s:4:6:4:Infinity":0,"s:6:34:6:Infinity":1,"f:8:16:8:38":0,"b:9:1:12:Infinity:undefined:undefined:undefined:undefined":0,"s:9:1:12:Infinity":2,"s:10:2:10:Infinity":3,"s:11:2:11:Infinity":4,"s:13:1:13:Infinity":5}}}
,"/Users/gong/Programming/Projects/cramkit/packages/shared/src/index.ts": {"path":"/Users/gong/Programming/Projects/cramkit/packages/shared/src/index.ts","statementMap":{"0":{"start":{"line":2,"column":0},"end":{"line":2,"column":null}},"1":{"start":{"line":3,"column":0},"end":{"line":3,"column":null}},"2":{"start":{"line":4,"column":0},"end":{"line":4,"column":null}}},"fnMap":{},"branchMap":{},"s":{"0":15,"1":15,"2":15},"f":{},"b":{},"meta":{"lastBranch":0,"lastFunction":0,"lastStatement":3,"seen":{"s:2:0:2:Infinity":0,"s:3:0:3:Infinity":1,"s:4:0:4:Infinity":2}}}
,"/Users/gong/Programming/Projects/cramkit/packages/shared/src/logger.ts": {"path":"/Users/gong/Programming/Projects/cramkit/packages/shared/src/logger.ts","statementMap":{"0":{"start":{"line":11,"column":11},"end":{"line":11,"column":null}},"1":{"start":{"line":12,"column":13},"end":{"line":12,"column":null}},"2":{"start":{"line":12,"column":28},"end":{"line":12,"column":null}},"3":{"start":{"line":13,"column":1},"end":{"line":13,"column":null}},"4":{"start":{"line":17,"column":13},"end":{"line":18,"column":null}},"5":{"start":{"line":18,"column":2},"end":{"line":18,"column":null}},"6":{"start":{"line":20,"column":1},"end":{"line":25,"column":null}},"7":{"start":{"line":21,"column":31},"end":{"line":21,"column":null}},"8":{"start":{"line":22,"column":30},"end":{"line":22,"column":null}},"9":{"start":{"line":23,"column":30},"end":{"line":23,"column":null}},"10":{"start":{"line":24,"column":31},"end":{"line":24,"column":null}}},"fnMap":{"0":{"name":"timestamp","decl":{"start":{"line":10,"column":9},"end":{"line":10,"column":29}},"loc":{"start":{"line":10,"column":29},"end":{"line":14,"column":null}},"line":10},"1":{"name":"(anonymous_1)","decl":{"start":{"line":12,"column":13},"end":{"line":12,"column":14}},"loc":{"start":{"line":12,"column":28},"end":{"line":12,"column":null}},"line":12},"2":{"name":"createLogger","decl":{"start":{"line":16,"column":16},"end":{"line":16,"column":29}},"loc":{"start":{"line":16,"column":53},"end":{"line":26,"column":null}},"line":16},"3":{"name":"(anonymous_3)","decl":{"start":{"line":17,"column":13},"end":{"line":17,"column":14}},"loc":{"start":{"line":18,"column":2},"end":{"line":18,"column":null}},"line":18},"4":{"name":"(anonymous_4)","decl":{"start":{"line":21,"column":9},"end":{"line":21,"column":10}},"loc":{"start":{"line":21,"column":31},"end":{"line":21,"column":null}},"line":21},"5":{"name":"(anonymous_5)","decl":{"start":{"line":22,"column":8},"end":{"line":22,"column":9}},"loc":{"start":{"line":22,"column":30},"end":{"line":22,"column":null}},"line":22},"6":{"name":"(anonymous_6)","decl":{"start":{"line":23,"column":8},"end":{"line":23,"column":9}},"loc":{"start":{"line":23,"column":30},"end":{"line":23,"column":null}},"line":23},"7":{"name":"(anonymous_7)","decl":{"start":{"line":24,"column":9},"end":{"line":24,"column":10}},"loc":{"start":{"line":24,"column":31},"end":{"line":24,"column":null}},"line":24}},"branchMap":{},"s":{"0":201,"1":201,"2":1005,"3":201,"4":34,"5":201,"6":34,"7":6,"8":190,"9":2,"10":3},"f":{"0":201,"1":1005,"2":34,"3":201,"4":6,"5":190,"6":2,"7":3},"b":{},"meta":{"lastBranch":0,"lastFunction":8,"lastStatement":11,"seen":{"f:10:9:10:29":0,"s:11:11:11:Infinity":0,"s:12:13:12:Infinity":1,"f:12:13:12:14":1,"s:12:28:12:Infinity":2,"s:13:1:13:Infinity":3,"f:16:16:16:29":2,"s:17:13:18:Infinity":4,"f:17:13:17:14":3,"s:18:2:18:Infinity":5,"s:20:1:25:Infinity":6,"f:21:9:21:10":4,"s:21:31:21:Infinity":7,"f:22:8:22:9":5,"s:22:30:22:Infinity":8,"f:23:8:23:9":6,"s:23:30:23:Infinity":9,"f:24:9:24:10":7,"s:24:31:24:Infinity":10}}}
,"/Users/gong/Programming/Projects/cramkit/packages/shared/src/schemas.ts": {"path":"/Users/gong/Programming/Projects/cramkit/packages/shared/src/schemas.ts","statementMap":{"0":{"start":{"line":3,"column":28},"end":{"line":11,"column":null}},"1":{"start":{"line":13,"column":35},"end":{"line":19,"column":null}},"2":{"start":{"line":21,"column":35},"end":{"line":27,"column":null}},"3":{"start":{"line":29,"column":40},"end":{"line":32,"column":null}},"4":{"start":{"line":34,"column":32},"end":{"line":37,"column":null}},"5":{"start":{"line":39,"column":40},"end":{"line":48,"column":null}},"6":{"start":{"line":50,"column":33},"end":{"line":54,"column":null}},"7":{"start":{"line":56,"column":35},"end":{"line":61,"column":null}},"8":{"start":{"line":63,"column":38},"end":{"line":65,"column":null}}},"fnMap":{},"branchMap":{},"s":{"0":15,"1":15,"2":15,"3":15,"4":15,"5":15,"6":15,"7":15,"8":15},"f":{},"b":{},"meta":{"lastBranch":0,"lastFunction":0,"lastStatement":9,"seen":{"s:3:28:11:Infinity":0,"s:13:35:19:Infinity":1,"s:21:35:27:Infinity":2,"s:29:40:32:Infinity":3,"s:34:32:37:Infinity":4,"s:39:40:48:Infinity":5,"s:50:33:54:Infinity":6,"s:56:35:61:Infinity":7,"s:63:38:65:Infinity":8}}}
,"/Users/gong/Programming/Projects/cramkit/packages/shared/src/types.ts": {"path":"/Users/gong/Programming/Projects/cramkit/packages/shared/src/types.ts","statementMap":{"0":{"start":{"line":1,"column":24},"end":{"line":9,"column":null}}},"fnMap":{},"branchMap":{},"s":{"0":15},"f":{},"b":{},"meta":{"lastBranch":0,"lastFunction":0,"lastStatement":1,"seen":{"s:1:24:9:Infinity":0}}}
,"/Users/gong/Programming/Projects/cramkit/tests/fixtures/helpers.ts": {"path":"/Users/gong/Programming/Projects/cramkit/tests/fixtures/helpers.ts","statementMap":{"0":{"start":{"line":7,"column":1},"end":{"line":7,"column":null}},"1":{"start":{"line":12,"column":17},"end":{"line":17,"column":null}},"2":{"start":{"line":19,"column":19},"end":{"line":31,"column":null}},"3":{"start":{"line":33,"column":66},"end":{"line":33,"column":null}},"4":{"start":{"line":34,"column":68},"end":{"line":34,"column":null}},"5":{"start":{"line":36,"column":1},"end":{"line":58,"column":null}},"6":{"start":{"line":37,"column":15},"end":{"line":46,"column":null}},"7":{"start":{"line":47,"column":2},"end":{"line":47,"column":null}},"8":{"start":{"line":49,"column":16},"end":{"line":56,"column":null}},"9":{"start":{"line":57,"column":2},"end":{"line":57,"column":null}},"10":{"start":{"line":60,"column":1},"end":{"line":60,"column":null}},"11":{"start":{"line":65,"column":1},"end":{"line":65,"column":null}},"12":{"start":{"line":66,"column":1},"end":{"line":66,"column":null}},"13":{"start":{"line":67,"column":1},"end":{"line":67,"column":null}},"14":{"start":{"line":68,"column":1},"end":{"line":68,"column":null}},"15":{"start":{"line":69,"column":1},"end":{"line":69,"column":null}}},"fnMap":{"0":{"name":"asMock","decl":{"start":{"line":6,"column":16},"end":{"line":6,"column":58}},"loc":{"start":{"line":6,"column":74},"end":{"line":8,"column":null}},"line":6},"1":{"name":"seedPdeSession","decl":{"start":{"line":11,"column":22},"end":{"line":11,"column":37}},"loc":{"start":{"line":11,"column":55},"end":{"line":61,"column":null}},"line":11},"2":{"name":"cleanDb","decl":{"start":{"line":64,"column":22},"end":{"line":64,"column":30}},"loc":{"start":{"line":64,"column":48},"end":{"line":70,"column":null}},"line":64}},"branchMap":{},"s":{"0":0,"1":23,"2":23,"3":23,"4":23,"5":23,"6":253,"7":253,"8":253,"9":253,"10":23,"11":49,"12":49,"13":49,"14":49,"15":49},"f":{"0":0,"1":23,"2":49},"b":{},"meta":{"lastBranch":0,"lastFunction":3,"lastStatement":16,"seen":{"f:6:16:6:58":0,"s:7:1:7:Infinity":0,"f:11:22:11:37":1,"s:12:17:17:Infinity":1,"s:19:19:31:Infinity":2,"s:33:66:33:Infinity":3,"s:34:68:34:Infinity":4,"s:36:1:58:Infinity":5,"s:37:15:46:Infinity":6,"s:47:2:47:Infinity":7,"s:49:16:56:Infinity":8,"s:57:2:57:Infinity":9,"s:60:1:60:Infinity":10,"f:64:22:64:30":2,"s:65:1:65:Infinity":11,"s:66:1:66:Infinity":12,"s:67:1:67:Infinity":13,"s:68:1:68:Infinity":14,"s:69:1:69:Infinity":15}}}
,"/Users/gong/Programming/Projects/cramkit/tests/fixtures/llm-responses.ts": {"path":"/Users/gong/Programming/Projects/cramkit/tests/fixtures/llm-responses.ts","statementMap":{"0":{"start":{"line":7,"column":36},"end":{"line":35,"column":null}},"1":{"start":{"line":38,"column":33},"end":{"line":55,"column":null}},"2":{"start":{"line":58,"column":36},"end":{"line":76,"column":null}},"3":{"start":{"line":79,"column":43},"end":{"line":93,"column":null}}},"fnMap":{},"branchMap":{},"s":{"0":3,"1":3,"2":3,"3":3},"f":{},"b":{},"meta":{"lastBranch":0,"lastFunction":0,"lastStatement":4,"seen":{"s:7:36:35:Infinity":0,"s:38:33:55:Infinity":1,"s:58:36:76:Infinity":2,"s:79:43:93:Infinity":3}}}
}
